#
# There is insufficient memory for the Java Runtime Environment to continue.
# Native memory allocation (malloc) failed to allocate 474256 bytes for Chunk::new
# Possible reasons:
#   The system is out of physical RAM or swap space
#   The process is running with CompressedOops enabled, and the Java Heap may be blocking the growth of the native heap
# Possible solutions:
#   Reduce memory load on the system
#   Increase physical memory or swap space
#   Check if swap backing store is full
#   Decrease Java heap size (-Xmx/-Xms)
#   Decrease number of Java threads
#   Decrease Java thread stack sizes (-Xss)
#   Set larger code cache with -XX:ReservedCodeCacheSize=
#   JVM is running with Unscaled Compressed Oops mode in which the Java heap is
#     placed in the first 4GB address space. The Java Heap base address is the
#     maximum limit for the native heap growth. Please use -XX:HeapBaseMinAddress
#     to set the Java Heap base and to place the Java Heap above 4GB virtual address.
# This output file may be truncated or incomplete.
#
#  Out of Memory Error (t:/workspace/hotspot/src/share/vm/memory/allocation.cpp:372), pid=38040, tid=35404
#
# JRE version: Java(TM) SE Runtime Environment (9.0+11) (build 9.0.4+11)
# Java VM: Java HotSpot(TM) 64-Bit Server VM (9.0.4+11, mixed mode, tiered, compressed oops, g1 gc, windows-amd64)
# No core dump will be written. Minidumps are not enabled by default on client versions of Windows
#

---------------  S U M M A R Y ------------

Command Line: -javaagent:C:\Program Files\JetBrains\IntelliJ IDEA Community Edition 2017.3.4\lib\idea_rt.jar=62800:C:\Program Files\JetBrains\IntelliJ IDEA Community Edition 2017.3.4\bin -Dfile.encoding=UTF-8 milanesa.sudoku.main.Window

Host: AMD Ryzen 5 1400 Quad-Core Processor           , 8 cores, 7G,  Windows 10 , 64 bit Build 16299 (10.0.16299.15)
Time: Wed Mar 14 02:50:42 2018 Hora estándar de Argentina elapsed time: 6 seconds (0d 0h 0m 6s)

---------------  T H R E A D  ---------------

Current thread (0x0000021e64333000):  JavaThread "C2 CompilerThread0" daemon [_thread_in_native, id=35404, stack(0x000000daca100000,0x000000daca200000)]


Current CompileTask:
C2:   6575  549       4       jdk.internal.org.objectweb.asm.Frame::execute (2252 bytes)

Stack: [0x000000daca100000,0x000000daca200000]
Native frames: (J=compiled Java code, j=interpreted, Vv=VM code, C=native code)
V  [jvm.dll+0x587068]
V  [jvm.dll+0x69c25e]
V  [jvm.dll+0x69d17a]
V  [jvm.dll+0x69d7b3]
V  [jvm.dll+0x21d198]
V  [jvm.dll+0xa7aac]
V  [jvm.dll+0xa83ec]
V  [jvm.dll+0x28b3a4]
V  [jvm.dll+0x4aedea]
V  [jvm.dll+0x1eaeb0]
V  [jvm.dll+0x1e8d11]
V  [jvm.dll+0x1691cb]
V  [jvm.dll+0x1f6570]
V  [jvm.dll+0x1f51f6]
V  [jvm.dll+0x66b44f]
V  [jvm.dll+0x586490]
C  [msvcr120.dll+0x24f7f]
C  [msvcr120.dll+0x25126]
C  [KERNEL32.DLL+0x11fe4]
C  [ntdll.dll+0x6efc1]


---------------  P R O C E S S  ---------------

Java Threads: ( => current thread )
  0x0000021e64b0d800 JavaThread "AWT-Windows" daemon [_thread_in_native, id=36184, stack(0x000000dacac00000,0x000000dacad00000)]
  0x0000021e64a61000 JavaThread "Java2D Disposer" daemon [_thread_blocked, id=9864, stack(0x000000dacaa00000,0x000000dacab00000)]
  0x0000021e6472f800 JavaThread "Service Thread" daemon [_thread_blocked, id=36320, stack(0x000000daca800000,0x000000daca900000)]
  0x0000021e6472c000 JavaThread "Monitor Ctrl-Break" daemon [_thread_in_native, id=36316, stack(0x000000daca700000,0x000000daca800000)]
  0x0000021e643be000 JavaThread "Common-Cleaner" daemon [_thread_blocked, id=36312, stack(0x000000daca600000,0x000000daca700000)]
  0x0000021e64347800 JavaThread "Sweeper thread" daemon [_thread_blocked, id=36344, stack(0x000000daca500000,0x000000daca600000)]
  0x0000021e64343800 JavaThread "C1 CompilerThread3" daemon [_thread_blocked, id=36076, stack(0x000000daca400000,0x000000daca500000)]
  0x0000021e64336800 JavaThread "C2 CompilerThread2" daemon [_thread_blocked, id=36132, stack(0x000000daca300000,0x000000daca400000)]
  0x0000021e64333800 JavaThread "C2 CompilerThread1" daemon [_thread_blocked, id=36164, stack(0x000000daca200000,0x000000daca300000)]
=>0x0000021e64333000 JavaThread "C2 CompilerThread0" daemon [_thread_in_native, id=35404, stack(0x000000daca100000,0x000000daca200000)]
  0x0000021e64332000 JavaThread "Attach Listener" daemon [_thread_blocked, id=33008, stack(0x000000daca000000,0x000000daca100000)]
  0x0000021e6432d800 JavaThread "Signal Dispatcher" daemon [_thread_blocked, id=35620, stack(0x000000dac9f00000,0x000000daca000000)]
  0x0000021e642dd000 JavaThread "Finalizer" daemon [_thread_blocked, id=34724, stack(0x000000dac9d00000,0x000000dac9e00000)]
  0x0000021e642d3000 JavaThread "Reference Handler" daemon [_thread_blocked, id=35992, stack(0x000000dac9c00000,0x000000dac9d00000)]
  0x0000021e40704800 JavaThread "main" [_thread_in_vm, id=40612, stack(0x000000dac8600000,0x000000dac8700000)]

Other Threads:
  0x0000021e642cd000 VMThread "VM Thread" [stack: 0x000000dac9b00000,0x000000dac9c00000] [id=31488]
  0x0000021e64735000 WatcherThread [stack: 0x000000daca900000,0x000000dacaa00000] [id=36288]
  0x0000021e4071a000 GCTaskThread "GC Thread#0" [stack: 0x000000dac8700000,0x000000dac8800000] [id=36404]
  0x0000021e4071b800 GCTaskThread "GC Thread#1" [stack: 0x000000dac8800000,0x000000dac8900000] [id=35736]
  0x0000021e4071d000 GCTaskThread "GC Thread#2" [stack: 0x000000dac8900000,0x000000dac8a00000] [id=36948]
  0x0000021e40724000 GCTaskThread "GC Thread#3" [stack: 0x000000dac8a00000,0x000000dac8b00000] [id=38240]
  0x0000021e40726800 GCTaskThread "GC Thread#4" [stack: 0x000000dac8b00000,0x000000dac8c00000] [id=40648]
  0x0000021e4072e800 GCTaskThread "GC Thread#5" [stack: 0x000000dac8c00000,0x000000dac8d00000] [id=20416]
  0x0000021e40733800 GCTaskThread "GC Thread#6" [stack: 0x000000dac8d00000,0x000000dac8e00000] [id=31948]
  0x0000021e4073e000 GCTaskThread "GC Thread#7" [stack: 0x000000dac8e00000,0x000000dac8f00000] [id=41808]
  0x0000021e407be800 ConcurrentGCThread "G1 Main Marker" [stack: 0x000000dac9800000,0x000000dac9900000] [id=35372]
  0x0000021e60fb4000 ConcurrentGCThread "G1 Marker#0" [stack: 0x000000dac9900000,0x000000dac9a00000] [id=35248]
  0x0000021e60fb4800 ConcurrentGCThread "G1 Marker#1" [stack: 0x000000dac9a00000,0x000000dac9b00000] [id=35432]
  0x0000021e40757800 ConcurrentGCThread "G1 Refine#0" [stack: 0x000000dac9600000,0x000000dac9700000] [id=35448]
  0x0000021e40751800 ConcurrentGCThread "G1 Refine#1" [stack: 0x000000dac9500000,0x000000dac9600000] [id=35976]
  0x0000021e40748800 ConcurrentGCThread "G1 Refine#2" [stack: 0x000000dac9400000,0x000000dac9500000] [id=40692]
  0x0000021e40748000 ConcurrentGCThread "G1 Refine#3" [stack: 0x000000dac9300000,0x000000dac9400000] [id=37744]
  0x0000021e40747000 ConcurrentGCThread "G1 Refine#4" [stack: 0x000000dac9200000,0x000000dac9300000] [id=39868]
  0x0000021e40744800 ConcurrentGCThread "G1 Refine#5" [stack: 0x000000dac9100000,0x000000dac9200000] [id=41412]
  0x0000021e40742800 ConcurrentGCThread "G1 Refine#6" [stack: 0x000000dac9000000,0x000000dac9100000] [id=41560]
  0x0000021e40742000 ConcurrentGCThread "G1 Refine#7" [stack: 0x000000dac8f00000,0x000000dac9000000] [id=41388]
  0x0000021e40758000 ConcurrentGCThread "G1 Young RemSet Sampling" [stack: 0x000000dac9700000,0x000000dac9800000] [id=41700]

Threads with active compile tasks:
C2 CompilerThread0 549       4       jdk.internal.org.objectweb.asm.Frame::execute (2252 bytes)

VM state:not at safepoint (normal execution)

VM Mutex/Monitor currently owned by a thread: None

Heap address: 0x0000000080c00000, size: 2036 MB, Compressed Oops mode: 32-bit
Narrow klass base: 0x0000000000000000, Narrow klass shift: 3
Compressed class space size: 1073741824 Address: 0x0000000100000000

Heap:
 garbage-first heap   total 131072K, used 9216K [0x0000000080c00000, 0x0000000080d00400, 0x0000000100000000)
  region size 1024K, 10 young (10240K), 0 survivors (0K)
 Metaspace       used 9748K, capacity 10174K, committed 10368K, reserved 1058816K
  class space    used 945K, capacity 1038K, committed 1152K, reserved 1048576K
Heap Regions: E=young(eden), S=young(survivor), O=old, HS=humongous(starts), HC=humongous(continues), CS=collection set, F=free, A=archive, TS=gc time stamp, AC=allocation context, TAMS=top-at-mark-start (previous, next)
|   0|0x0000000080c00000, 0x0000000080c00000, 0x0000000080d00000|  0%| F|  |TS  0|AC  0|TAMS 0x0000000080c00000, 0x0000000080c00000|
|   1|0x0000000080d00000, 0x0000000080d00000, 0x0000000080e00000|  0%| F|  |TS  0|AC  0|TAMS 0x0000000080d00000, 0x0000000080d00000|
|   2|0x0000000080e00000, 0x0000000080e00000, 0x0000000080f00000|  0%| F|  |TS  0|AC  0|TAMS 0x0000000080e00000, 0x0000000080e00000|
|   3|0x0000000080f00000, 0x0000000080f00000, 0x0000000081000000|  0%| F|  |TS  0|AC  0|TAMS 0x0000000080f00000, 0x0000000080f00000|
|   4|0x0000000081000000, 0x0000000081000000, 0x0000000081100000|  0%| F|  |TS  0|AC  0|TAMS 0x0000000081000000, 0x0000000081000000|
|   5|0x0000000081100000, 0x0000000081100000, 0x0000000081200000|  0%| F|  |TS  0|AC  0|TAMS 0x0000000081100000, 0x0000000081100000|
|   6|0x0000000081200000, 0x0000000081200000, 0x0000000081300000|  0%| F|  |TS  0|AC  0|TAMS 0x0000000081200000, 0x0000000081200000|
|   7|0x0000000081300000, 0x0000000081300000, 0x0000000081400000|  0%| F|  |TS  0|AC  0|TAMS 0x0000000081300000, 0x0000000081300000|
|   8|0x0000000081400000, 0x0000000081400000, 0x0000000081500000|  0%| F|  |TS  0|AC  0|TAMS 0x0000000081400000, 0x0000000081400000|
|   9|0x0000000081500000, 0x0000000081500000, 0x0000000081600000|  0%| F|  |TS  0|AC  0|TAMS 0x0000000081500000, 0x0000000081500000|
|  10|0x0000000081600000, 0x0000000081600000, 0x0000000081700000|  0%| F|  |TS  0|AC  0|TAMS 0x0000000081600000, 0x0000000081600000|
|  11|0x0000000081700000, 0x0000000081700000, 0x0000000081800000|  0%| F|  |TS  0|AC  0|TAMS 0x0000000081700000, 0x0000000081700000|
|  12|0x0000000081800000, 0x0000000081800000, 0x0000000081900000|  0%| F|  |TS  0|AC  0|TAMS 0x0000000081800000, 0x0000000081800000|
|  13|0x0000000081900000, 0x0000000081900000, 0x0000000081a00000|  0%| F|  |TS  0|AC  0|TAMS 0x0000000081900000, 0x0000000081900000|
|  14|0x0000000081a00000, 0x0000000081a00000, 0x0000000081b00000|  0%| F|  |TS  0|AC  0|TAMS 0x0000000081a00000, 0x0000000081a00000|
|  15|0x0000000081b00000, 0x0000000081b00000, 0x0000000081c00000|  0%| F|  |TS  0|AC  0|TAMS 0x0000000081b00000, 0x0000000081b00000|
|  16|0x0000000081c00000, 0x0000000081c00000, 0x0000000081d00000|  0%| F|  |TS  0|AC  0|TAMS 0x0000000081c00000, 0x0000000081c00000|
|  17|0x0000000081d00000, 0x0000000081d00000, 0x0000000081e00000|  0%| F|  |TS  0|AC  0|TAMS 0x0000000081d00000, 0x0000000081d00000|
|  18|0x0000000081e00000, 0x0000000081e00000, 0x0000000081f00000|  0%| F|  |TS  0|AC  0|TAMS 0x0000000081e00000, 0x0000000081e00000|
|  19|0x0000000081f00000, 0x0000000081f00000, 0x0000000082000000|  0%| F|  |TS  0|AC  0|TAMS 0x0000000081f00000, 0x0000000081f00000|
|  20|0x0000000082000000, 0x0000000082000000, 0x0000000082100000|  0%| F|  |TS  0|AC  0|TAMS 0x0000000082000000, 0x0000000082000000|
|  21|0x0000000082100000, 0x0000000082100000, 0x0000000082200000|  0%| F|  |TS  0|AC  0|TAMS 0x0000000082100000, 0x0000000082100000|
|  22|0x0000000082200000, 0x0000000082200000, 0x0000000082300000|  0%| F|  |TS  0|AC  0|TAMS 0x0000000082200000, 0x0000000082200000|
|  23|0x0000000082300000, 0x0000000082300000, 0x0000000082400000|  0%| F|  |TS  0|AC  0|TAMS 0x0000000082300000, 0x0000000082300000|
|  24|0x0000000082400000, 0x0000000082400000, 0x0000000082500000|  0%| F|  |TS  0|AC  0|TAMS 0x0000000082400000, 0x0000000082400000|
|  25|0x0000000082500000, 0x0000000082500000, 0x0000000082600000|  0%| F|  |TS  0|AC  0|TAMS 0x0000000082500000, 0x0000000082500000|
|  26|0x0000000082600000, 0x0000000082600000, 0x0000000082700000|  0%| F|  |TS  0|AC  0|TAMS 0x0000000082600000, 0x0000000082600000|
|  27|0x0000000082700000, 0x0000000082700000, 0x0000000082800000|  0%| F|  |TS  0|AC  0|TAMS 0x0000000082700000, 0x0000000082700000|
|  28|0x0000000082800000, 0x0000000082800000, 0x0000000082900000|  0%| F|  |TS  0|AC  0|TAMS 0x0000000082800000, 0x0000000082800000|
|  29|0x0000000082900000, 0x0000000082900000, 0x0000000082a00000|  0%| F|  |TS  0|AC  0|TAMS 0x0000000082900000, 0x0000000082900000|
|  30|0x0000000082a00000, 0x0000000082a00000, 0x0000000082b00000|  0%| F|  |TS  0|AC  0|TAMS 0x0000000082a00000, 0x0000000082a00000|
|  31|0x0000000082b00000, 0x0000000082b00000, 0x0000000082c00000|  0%| F|  |TS  0|AC  0|TAMS 0x0000000082b00000, 0x0000000082b00000|
|  32|0x0000000082c00000, 0x0000000082c00000, 0x0000000082d00000|  0%| F|  |TS  0|AC  0|TAMS 0x0000000082c00000, 0x0000000082c00000|
|  33|0x0000000082d00000, 0x0000000082d00000, 0x0000000082e00000|  0%| F|  |TS  0|AC  0|TAMS 0x0000000082d00000, 0x0000000082d00000|
|  34|0x0000000082e00000, 0x0000000082e00000, 0x0000000082f00000|  0%| F|  |TS  0|AC  0|TAMS 0x0000000082e00000, 0x0000000082e00000|
|  35|0x0000000082f00000, 0x0000000082f00000, 0x0000000083000000|  0%| F|  |TS  0|AC  0|TAMS 0x0000000082f00000, 0x0000000082f00000|
|  36|0x0000000083000000, 0x0000000083000000, 0x0000000083100000|  0%| F|  |TS  0|AC  0|TAMS 0x0000000083000000, 0x0000000083000000|
|  37|0x0000000083100000, 0x0000000083100000, 0x0000000083200000|  0%| F|  |TS  0|AC  0|TAMS 0x0000000083100000, 0x0000000083100000|
|  38|0x0000000083200000, 0x0000000083200000, 0x0000000083300000|  0%| F|  |TS  0|AC  0|TAMS 0x0000000083200000, 0x0000000083200000|
|  39|0x0000000083300000, 0x0000000083300000, 0x0000000083400000|  0%| F|  |TS  0|AC  0|TAMS 0x0000000083300000, 0x0000000083300000|
|  40|0x0000000083400000, 0x0000000083400000, 0x0000000083500000|  0%| F|  |TS  0|AC  0|TAMS 0x0000000083400000, 0x0000000083400000|
|  41|0x0000000083500000, 0x0000000083500000, 0x0000000083600000|  0%| F|  |TS  0|AC  0|TAMS 0x0000000083500000, 0x0000000083500000|
|  42|0x0000000083600000, 0x0000000083600000, 0x0000000083700000|  0%| F|  |TS  0|AC  0|TAMS 0x0000000083600000, 0x0000000083600000|
|  43|0x0000000083700000, 0x0000000083700000, 0x0000000083800000|  0%| F|  |TS  0|AC  0|TAMS 0x0000000083700000, 0x0000000083700000|
|  44|0x0000000083800000, 0x0000000083800000, 0x0000000083900000|  0%| F|  |TS  0|AC  0|TAMS 0x0000000083800000, 0x0000000083800000|
|  45|0x0000000083900000, 0x0000000083900000, 0x0000000083a00000|  0%| F|  |TS  0|AC  0|TAMS 0x0000000083900000, 0x0000000083900000|
|  46|0x0000000083a00000, 0x0000000083a00000, 0x0000000083b00000|  0%| F|  |TS  0|AC  0|TAMS 0x0000000083a00000, 0x0000000083a00000|
|  47|0x0000000083b00000, 0x0000000083b00000, 0x0000000083c00000|  0%| F|  |TS  0|AC  0|TAMS 0x0000000083b00000, 0x0000000083b00000|
|  48|0x0000000083c00000, 0x0000000083c00000, 0x0000000083d00000|  0%| F|  |TS  0|AC  0|TAMS 0x0000000083c00000, 0x0000000083c00000|
|  49|0x0000000083d00000, 0x0000000083d00000, 0x0000000083e00000|  0%| F|  |TS  0|AC  0|TAMS 0x0000000083d00000, 0x0000000083d00000|
|  50|0x0000000083e00000, 0x0000000083e00000, 0x0000000083f00000|  0%| F|  |TS  0|AC  0|TAMS 0x0000000083e00000, 0x0000000083e00000|
|  51|0x0000000083f00000, 0x0000000083f00000, 0x0000000084000000|  0%| F|  |TS  0|AC  0|TAMS 0x0000000083f00000, 0x0000000083f00000|
|  52|0x0000000084000000, 0x0000000084000000, 0x0000000084100000|  0%| F|  |TS  0|AC  0|TAMS 0x0000000084000000, 0x0000000084000000|
|  53|0x0000000084100000, 0x0000000084100000, 0x0000000084200000|  0%| F|  |TS  0|AC  0|TAMS 0x0000000084100000, 0x0000000084100000|
|  54|0x0000000084200000, 0x0000000084200000, 0x0000000084300000|  0%| F|  |TS  0|AC  0|TAMS 0x0000000084200000, 0x0000000084200000|
|  55|0x0000000084300000, 0x0000000084300000, 0x0000000084400000|  0%| F|  |TS  0|AC  0|TAMS 0x0000000084300000, 0x0000000084300000|
|  56|0x0000000084400000, 0x0000000084400000, 0x0000000084500000|  0%| F|  |TS  0|AC  0|TAMS 0x0000000084400000, 0x0000000084400000|
|  57|0x0000000084500000, 0x0000000084500000, 0x0000000084600000|  0%| F|  |TS  0|AC  0|TAMS 0x0000000084500000, 0x0000000084500000|
|  58|0x0000000084600000, 0x0000000084600000, 0x0000000084700000|  0%| F|  |TS  0|AC  0|TAMS 0x0000000084600000, 0x0000000084600000|
|  59|0x0000000084700000, 0x0000000084700000, 0x0000000084800000|  0%| F|  |TS  0|AC  0|TAMS 0x0000000084700000, 0x0000000084700000|
|  60|0x0000000084800000, 0x0000000084800000, 0x0000000084900000|  0%| F|  |TS  0|AC  0|TAMS 0x0000000084800000, 0x0000000084800000|
|  61|0x0000000084900000, 0x0000000084900000, 0x0000000084a00000|  0%| F|  |TS  0|AC  0|TAMS 0x0000000084900000, 0x0000000084900000|
|  62|0x0000000084a00000, 0x0000000084a00000, 0x0000000084b00000|  0%| F|  |TS  0|AC  0|TAMS 0x0000000084a00000, 0x0000000084a00000|
|  63|0x0000000084b00000, 0x0000000084b00000, 0x0000000084c00000|  0%| F|  |TS  0|AC  0|TAMS 0x0000000084b00000, 0x0000000084b00000|
|  64|0x0000000084c00000, 0x0000000084c00000, 0x0000000084d00000|  0%| F|  |TS  0|AC  0|TAMS 0x0000000084c00000, 0x0000000084c00000|
|  65|0x0000000084d00000, 0x0000000084d00000, 0x0000000084e00000|  0%| F|  |TS  0|AC  0|TAMS 0x0000000084d00000, 0x0000000084d00000|
|  66|0x0000000084e00000, 0x0000000084e00000, 0x0000000084f00000|  0%| F|  |TS  0|AC  0|TAMS 0x0000000084e00000, 0x0000000084e00000|
|  67|0x0000000084f00000, 0x0000000084f00000, 0x0000000085000000|  0%| F|  |TS  0|AC  0|TAMS 0x0000000084f00000, 0x0000000084f00000|
|  68|0x0000000085000000, 0x0000000085000000, 0x0000000085100000|  0%| F|  |TS  0|AC  0|TAMS 0x0000000085000000, 0x0000000085000000|
|  69|0x0000000085100000, 0x0000000085100000, 0x0000000085200000|  0%| F|  |TS  0|AC  0|TAMS 0x0000000085100000, 0x0000000085100000|
|  70|0x0000000085200000, 0x0000000085200000, 0x0000000085300000|  0%| F|  |TS  0|AC  0|TAMS 0x0000000085200000, 0x0000000085200000|
|  71|0x0000000085300000, 0x0000000085300000, 0x0000000085400000|  0%| F|  |TS  0|AC  0|TAMS 0x0000000085300000, 0x0000000085300000|
|  72|0x0000000085400000, 0x0000000085400000, 0x0000000085500000|  0%| F|  |TS  0|AC  0|TAMS 0x0000000085400000, 0x0000000085400000|
|  73|0x0000000085500000, 0x0000000085500000, 0x0000000085600000|  0%| F|  |TS  0|AC  0|TAMS 0x0000000085500000, 0x0000000085500000|
|  74|0x0000000085600000, 0x0000000085600000, 0x0000000085700000|  0%| F|  |TS  0|AC  0|TAMS 0x0000000085600000, 0x0000000085600000|
|  75|0x0000000085700000, 0x0000000085700000, 0x0000000085800000|  0%| F|  |TS  0|AC  0|TAMS 0x0000000085700000, 0x0000000085700000|
|  76|0x0000000085800000, 0x0000000085800000, 0x0000000085900000|  0%| F|  |TS  0|AC  0|TAMS 0x0000000085800000, 0x0000000085800000|
|  77|0x0000000085900000, 0x0000000085900000, 0x0000000085a00000|  0%| F|  |TS  0|AC  0|TAMS 0x0000000085900000, 0x0000000085900000|
|  78|0x0000000085a00000, 0x0000000085a00000, 0x0000000085b00000|  0%| F|  |TS  0|AC  0|TAMS 0x0000000085a00000, 0x0000000085a00000|
|  79|0x0000000085b00000, 0x0000000085b00000, 0x0000000085c00000|  0%| F|  |TS  0|AC  0|TAMS 0x0000000085b00000, 0x0000000085b00000|
|  80|0x0000000085c00000, 0x0000000085c00000, 0x0000000085d00000|  0%| F|  |TS  0|AC  0|TAMS 0x0000000085c00000, 0x0000000085c00000|
|  81|0x0000000085d00000, 0x0000000085d00000, 0x0000000085e00000|  0%| F|  |TS  0|AC  0|TAMS 0x0000000085d00000, 0x0000000085d00000|
|  82|0x0000000085e00000, 0x0000000085e00000, 0x0000000085f00000|  0%| F|  |TS  0|AC  0|TAMS 0x0000000085e00000, 0x0000000085e00000|
|  83|0x0000000085f00000, 0x0000000085f00000, 0x0000000086000000|  0%| F|  |TS  0|AC  0|TAMS 0x0000000085f00000, 0x0000000085f00000|
|  84|0x0000000086000000, 0x0000000086000000, 0x0000000086100000|  0%| F|  |TS  0|AC  0|TAMS 0x0000000086000000, 0x0000000086000000|
|  85|0x0000000086100000, 0x0000000086100000, 0x0000000086200000|  0%| F|  |TS  0|AC  0|TAMS 0x0000000086100000, 0x0000000086100000|
|  86|0x0000000086200000, 0x0000000086200000, 0x0000000086300000|  0%| F|  |TS  0|AC  0|TAMS 0x0000000086200000, 0x0000000086200000|
|  87|0x0000000086300000, 0x0000000086300000, 0x0000000086400000|  0%| F|  |TS  0|AC  0|TAMS 0x0000000086300000, 0x0000000086300000|
|  88|0x0000000086400000, 0x0000000086400000, 0x0000000086500000|  0%| F|  |TS  0|AC  0|TAMS 0x0000000086400000, 0x0000000086400000|
|  89|0x0000000086500000, 0x0000000086500000, 0x0000000086600000|  0%| F|  |TS  0|AC  0|TAMS 0x0000000086500000, 0x0000000086500000|
|  90|0x0000000086600000, 0x0000000086600000, 0x0000000086700000|  0%| F|  |TS  0|AC  0|TAMS 0x0000000086600000, 0x0000000086600000|
|  91|0x0000000086700000, 0x0000000086700000, 0x0000000086800000|  0%| F|  |TS  0|AC  0|TAMS 0x0000000086700000, 0x0000000086700000|
|  92|0x0000000086800000, 0x0000000086800000, 0x0000000086900000|  0%| F|  |TS  0|AC  0|TAMS 0x0000000086800000, 0x0000000086800000|
|  93|0x0000000086900000, 0x0000000086900000, 0x0000000086a00000|  0%| F|  |TS  0|AC  0|TAMS 0x0000000086900000, 0x0000000086900000|
|  94|0x0000000086a00000, 0x0000000086a00000, 0x0000000086b00000|  0%| F|  |TS  0|AC  0|TAMS 0x0000000086a00000, 0x0000000086a00000|
|  95|0x0000000086b00000, 0x0000000086b00000, 0x0000000086c00000|  0%| F|  |TS  0|AC  0|TAMS 0x0000000086b00000, 0x0000000086b00000|
|  96|0x0000000086c00000, 0x0000000086c00000, 0x0000000086d00000|  0%| F|  |TS  0|AC  0|TAMS 0x0000000086c00000, 0x0000000086c00000|
|  97|0x0000000086d00000, 0x0000000086d00000, 0x0000000086e00000|  0%| F|  |TS  0|AC  0|TAMS 0x0000000086d00000, 0x0000000086d00000|
|  98|0x0000000086e00000, 0x0000000086e00000, 0x0000000086f00000|  0%| F|  |TS  0|AC  0|TAMS 0x0000000086e00000, 0x0000000086e00000|
|  99|0x0000000086f00000, 0x0000000086f00000, 0x0000000087000000|  0%| F|  |TS  0|AC  0|TAMS 0x0000000086f00000, 0x0000000086f00000|
| 100|0x0000000087000000, 0x0000000087000000, 0x0000000087100000|  0%| F|  |TS  0|AC  0|TAMS 0x0000000087000000, 0x0000000087000000|
| 101|0x0000000087100000, 0x0000000087100000, 0x0000000087200000|  0%| F|  |TS  0|AC  0|TAMS 0x0000000087100000, 0x0000000087100000|
| 102|0x0000000087200000, 0x0000000087200000, 0x0000000087300000|  0%| F|  |TS  0|AC  0|TAMS 0x0000000087200000, 0x0000000087200000|
| 103|0x0000000087300000, 0x0000000087300000, 0x0000000087400000|  0%| F|  |TS  0|AC  0|TAMS 0x0000000087300000, 0x0000000087300000|
| 104|0x0000000087400000, 0x0000000087400000, 0x0000000087500000|  0%| F|  |TS  0|AC  0|TAMS 0x0000000087400000, 0x0000000087400000|
| 105|0x0000000087500000, 0x0000000087500000, 0x0000000087600000|  0%| F|  |TS  0|AC  0|TAMS 0x0000000087500000, 0x0000000087500000|
| 106|0x0000000087600000, 0x0000000087600000, 0x0000000087700000|  0%| F|  |TS  0|AC  0|TAMS 0x0000000087600000, 0x0000000087600000|
| 107|0x0000000087700000, 0x0000000087700000, 0x0000000087800000|  0%| F|  |TS  0|AC  0|TAMS 0x0000000087700000, 0x0000000087700000|
| 108|0x0000000087800000, 0x0000000087800000, 0x0000000087900000|  0%| F|  |TS  0|AC  0|TAMS 0x0000000087800000, 0x0000000087800000|
| 109|0x0000000087900000, 0x0000000087900000, 0x0000000087a00000|  0%| F|  |TS  0|AC  0|TAMS 0x0000000087900000, 0x0000000087900000|
| 110|0x0000000087a00000, 0x0000000087a00000, 0x0000000087b00000|  0%| F|  |TS  0|AC  0|TAMS 0x0000000087a00000, 0x0000000087a00000|
| 111|0x0000000087b00000, 0x0000000087b00000, 0x0000000087c00000|  0%| F|  |TS  0|AC  0|TAMS 0x0000000087b00000, 0x0000000087b00000|
| 112|0x0000000087c00000, 0x0000000087c00000, 0x0000000087d00000|  0%| F|  |TS  0|AC  0|TAMS 0x0000000087c00000, 0x0000000087c00000|
| 113|0x0000000087d00000, 0x0000000087d00000, 0x0000000087e00000|  0%| F|  |TS  0|AC  0|TAMS 0x0000000087d00000, 0x0000000087d00000|
| 114|0x0000000087e00000, 0x0000000087e00000, 0x0000000087f00000|  0%| F|  |TS  0|AC  0|TAMS 0x0000000087e00000, 0x0000000087e00000|
| 115|0x0000000087f00000, 0x0000000087f00000, 0x0000000088000000|  0%| F|  |TS  0|AC  0|TAMS 0x0000000087f00000, 0x0000000087f00000|
| 116|0x0000000088000000, 0x0000000088000000, 0x0000000088100000|  0%| F|  |TS  0|AC  0|TAMS 0x0000000088000000, 0x0000000088000000|
| 117|0x0000000088100000, 0x0000000088100000, 0x0000000088200000|  0%| F|  |TS  0|AC  0|TAMS 0x0000000088100000, 0x0000000088100000|
| 118|0x0000000088200000, 0x0000000088300000, 0x0000000088300000|100%| E|  |TS  0|AC  0|TAMS 0x0000000088200000, 0x0000000088200000|
| 119|0x0000000088300000, 0x0000000088400000, 0x0000000088400000|100%| E|CS|TS  0|AC  0|TAMS 0x0000000088300000, 0x0000000088300000|
| 120|0x0000000088400000, 0x0000000088500000, 0x0000000088500000|100%| E|CS|TS  0|AC  0|TAMS 0x0000000088400000, 0x0000000088400000|
| 121|0x0000000088500000, 0x0000000088600000, 0x0000000088600000|100%| E|CS|TS  0|AC  0|TAMS 0x0000000088500000, 0x0000000088500000|
| 122|0x0000000088600000, 0x0000000088700000, 0x0000000088700000|100%| E|CS|TS  0|AC  0|TAMS 0x0000000088600000, 0x0000000088600000|
| 123|0x0000000088700000, 0x0000000088800000, 0x0000000088800000|100%| E|CS|TS  0|AC  0|TAMS 0x0000000088700000, 0x0000000088700000|
| 124|0x0000000088800000, 0x0000000088900000, 0x0000000088900000|100%| E|CS|TS  0|AC  0|TAMS 0x0000000088800000, 0x0000000088800000|
| 125|0x0000000088900000, 0x0000000088a00000, 0x0000000088a00000|100%| E|CS|TS  0|AC  0|TAMS 0x0000000088900000, 0x0000000088900000|
| 126|0x0000000088a00000, 0x0000000088b00000, 0x0000000088b00000|100%| E|CS|TS  0|AC  0|TAMS 0x0000000088a00000, 0x0000000088a00000|
| 127|0x0000000088b00000, 0x0000000088c00000, 0x0000000088c00000|100%| E|CS|TS  0|AC  0|TAMS 0x0000000088b00000, 0x0000000088b00000|

Card table byte_map: [0x0000021e5c810000,0x0000021e5cc10000] byte_map_base: 0x0000021e5c40a000

Marking Bits (Prev, Next): (CMBitMap*) 0x0000021e60fb28d0, (CMBitMap*) 0x0000021e60fb2908
 Prev Bits: [0x0000021e5d010000, 0x0000021e5efe0000)
 Next Bits: [0x0000021e5efe0000, 0x0000021e60fb0000)

Polling page: 0x0000021e3e460000

CodeHeap 'non-profiled nmethods': size=120000Kb used=165Kb max_used=165Kb free=119835Kb
 bounds [0x0000021e54080000, 0x0000021e542f0000, 0x0000021e5b5b0000]
CodeHeap 'profiled nmethods': size=120000Kb used=872Kb max_used=872Kb free=119127Kb
 bounds [0x0000021e4cb50000, 0x0000021e4cdc0000, 0x0000021e54080000]
CodeHeap 'non-nmethods': size=5760Kb used=1258Kb max_used=1280Kb free=4501Kb
 bounds [0x0000021e4c5b0000, 0x0000021e4c820000, 0x0000021e4cb50000]
 total_blobs=1088 nmethods=558 adapters=345
 compilation: enabled

Compilation events (10 events):
Event: 6.458 Thread 0x0000021e64343800  554       1       java.lang.invoke.BoundMethodHandle$SpeciesData::getterFunctions (5 bytes)
Event: 6.458 Thread 0x0000021e64343800 nmethod 554 0x0000021e540a8b90 code [0x0000021e540a8d40, 0x0000021e540a8e58]
Event: 6.458 Thread 0x0000021e64343800  556       3       jdk.internal.org.objectweb.asm.Label::resolve (214 bytes)
Event: 6.459 Thread 0x0000021e64343800 nmethod 556 0x0000021e4cc28010 code [0x0000021e4cc28200, 0x0000021e4cc286d8]
Event: 6.473 Thread 0x0000021e64333800  557       4       java.util.Arrays::copyOfRange (63 bytes)
Event: 6.474 Thread 0x0000021e64343800  558       3       jdk.internal.org.objectweb.asm.ClassWriter::addType (103 bytes)
Event: 6.474 Thread 0x0000021e64343800 nmethod 558 0x0000021e4cc28990 code [0x0000021e4cc28ba0, 0x0000021e4cc292b0]
Event: 6.474 Thread 0x0000021e64343800  559   !   3       java.lang.invoke.MemberName$Factory::resolve (143 bytes)
Event: 6.475 Thread 0x0000021e64343800 nmethod 559 0x0000021e4cc29490 code [0x0000021e4cc296c0, 0x0000021e4cc29ef0]
Event: 6.476 Thread 0x0000021e64333800 nmethod 557 0x0000021e540a8f10 code [0x0000021e540a90a0, 0x0000021e540a92d8]

GC Heap History (0 events):
No events

Deoptimization events (1 events):
Event: 0.968 Thread 0x0000021e40704800 Uncommon trap: reason=unstable_if action=reinterpret pc=0x0000021e5408aa18 method=java.lang.String.charAt(I)C @ 4 c2

Classes redefined (0 events):
No events

Internal exceptions (10 events):
Event: 2.964 Thread 0x0000021e40704800 Exception <a 'java/lang/NoSuchMethodError'{0x0000000088578000}: java.lang.invoke.DelegatingMethodHandle$Holder.reinvoke_L(Ljava/lang/Object;IILjava/lang/Object;Ljava/lang/Object;Ljava/lang/Object;)Ljava/lang/Object;> (0x0000000088578000) thrown at [t:/wor
Event: 2.965 Thread 0x0000021e40704800 Exception <a 'java/lang/NoSuchMethodError'{0x000000008857d770}: method resolution failed> (0x000000008857d770) thrown at [t:/workspace/hotspot/src/share/vm/prims/methodHandles.cpp, line 1256]
Event: 2.967 Thread 0x0000021e40704800 Exception <a 'java/lang/NoSuchMethodError'{0x0000000088592c00}: method resolution failed> (0x0000000088592c00) thrown at [t:/workspace/hotspot/src/share/vm/prims/methodHandles.cpp, line 1256]
Event: 2.968 Thread 0x0000021e40704800 Exception <a 'java/lang/NoSuchMethodError'{0x00000000885a8ca0}: method resolution failed> (0x00000000885a8ca0) thrown at [t:/workspace/hotspot/src/share/vm/prims/methodHandles.cpp, line 1256]
Event: 2.970 Thread 0x0000021e40704800 Exception <a 'java/lang/NoSuchMethodError'{0x00000000885c0798}: method resolution failed> (0x00000000885c0798) thrown at [t:/workspace/hotspot/src/share/vm/prims/methodHandles.cpp, line 1256]
Event: 2.971 Thread 0x0000021e40704800 Exception <a 'java/lang/NoSuchMethodError'{0x00000000885d9c08}: method resolution failed> (0x00000000885d9c08) thrown at [t:/workspace/hotspot/src/share/vm/prims/methodHandles.cpp, line 1256]
Event: 2.972 Thread 0x0000021e40704800 Exception <a 'java/io/FileNotFoundException'{0x00000000885e3158}> (0x00000000885e3158) thrown at [t:/workspace/hotspot/src/share/vm/prims/jni.cpp, line 604]
Event: 4.609 Thread 0x0000021e64b0d800 Exception <a 'java/lang/NoSuchMethodError'{0x0000000088381f30}: java.lang.invoke.DirectMethodHandle$Holder.invokeSpecial(Ljava/lang/Object;Ljava/lang/Object;)V> (0x0000000088381f30) thrown at [t:/workspace/hotspot/src/share/vm/interpreter/linkResolver.cpp
Event: 4.612 Thread 0x0000021e40704800 Exception <a 'java/lang/NoSuchMethodError'{0x0000000088202550}: java.lang.invoke.DirectMethodHandle$Holder.invokeStatic(Ljava/lang/Object;Ljava/lang/Object;Ljava/lang/Object;Ljava/lang/Object;Ljava/lang/Object;Ljava/lang/Object;Ljava/lang/Object;Ljava/lan
Event: 4.614 Thread 0x0000021e40704800 Exception <a 'java/lang/NoSuchMethodError'{0x000000008821d758}: java.lang.invoke.DirectMethodHandle$Holder.invokeStatic(Ljava/lang/Object;Ljava/lang/Object;Ljava/lang/Object;Ljava/lang/Object;Ljava/lang/Object;Ljava/lang/Object;Ljava/lang/Object;Ljava/lan

Events (10 events):
Event: 6.471 loading class java/util/concurrent/locks/ReentrantReadWriteLock$NonfairSync
Event: 6.472 loading class java/util/concurrent/locks/ReentrantReadWriteLock$Sync
Event: 6.472 loading class java/util/concurrent/locks/ReentrantReadWriteLock$Sync done
Event: 6.472 loading class java/util/concurrent/locks/ReentrantReadWriteLock$NonfairSync done
Event: 6.472 loading class java/util/concurrent/locks/ReentrantReadWriteLock$Sync$ThreadLocalHoldCounter
Event: 6.472 loading class java/util/concurrent/locks/ReentrantReadWriteLock$Sync$ThreadLocalHoldCounter done
Event: 6.472 loading class java/util/concurrent/locks/ReentrantReadWriteLock$ReadLock
Event: 6.472 loading class java/util/concurrent/locks/ReentrantReadWriteLock$ReadLock done
Event: 6.472 loading class java/util/concurrent/locks/ReentrantReadWriteLock$WriteLock
Event: 6.472 loading class java/util/concurrent/locks/ReentrantReadWriteLock$WriteLock done


Dynamic libraries:
0x00007ff6b96c0000 - 0x00007ff6b96fe000 	C:\Program Files\Java\jdk-9.0.4\bin\java.exe
0x00007ffeaf920000 - 0x00007ffeafb00000 	C:\WINDOWS\SYSTEM32\ntdll.dll
0x00007ffeadd50000 - 0x00007ffeaddfe000 	C:\WINDOWS\System32\KERNEL32.DLL
0x00007ffeac750000 - 0x00007ffeac9b6000 	C:\WINDOWS\System32\KERNELBASE.dll
0x00007ffeaf530000 - 0x00007ffeaf5d1000 	C:\WINDOWS\System32\ADVAPI32.dll
0x00007ffead2e0000 - 0x00007ffead37d000 	C:\WINDOWS\System32\msvcrt.dll
0x00007ffead930000 - 0x00007ffead98b000 	C:\WINDOWS\System32\sechost.dll
0x00007ffeaf7d0000 - 0x00007ffeaf8ef000 	C:\WINDOWS\System32\RPCRT4.dll
0x00007ffeaf3a0000 - 0x00007ffeaf52f000 	C:\WINDOWS\System32\USER32.dll
0x00007ffeabd20000 - 0x00007ffeabd40000 	C:\WINDOWS\System32\win32u.dll
0x00007ffeadca0000 - 0x00007ffeadcc8000 	C:\WINDOWS\System32\GDI32.dll
0x00007ffeacaa0000 - 0x00007ffeacc33000 	C:\WINDOWS\System32\gdi32full.dll
0x00007ffeabf60000 - 0x00007ffeabffb000 	C:\WINDOWS\System32\msvcp_win.dll
0x00007ffeacc40000 - 0x00007ffeacd36000 	C:\WINDOWS\System32\ucrtbase.dll
0x00007ffea4b90000 - 0x00007ffea4b9a000 	C:\WINDOWS\SYSTEM32\VERSION.dll
0x00007ffe9f910000 - 0x00007ffe9fb79000 	C:\WINDOWS\WinSxS\amd64_microsoft.windows.common-controls_6595b64144ccf1df_6.0.16299.248_none_15ced204935f55d7\COMCTL32.dll
0x00007ffead990000 - 0x00007ffeadc98000 	C:\WINDOWS\System32\combase.dll
0x00007ffeaca20000 - 0x00007ffeaca92000 	C:\WINDOWS\System32\bcryptPrimitives.dll
0x00007ffead3a0000 - 0x00007ffead3cd000 	C:\WINDOWS\System32\IMM32.DLL
0x00007ffe9aa20000 - 0x00007ffe9ab0f000 	C:\Program Files\Java\jdk-9.0.4\bin\msvcr120.dll
0x00007ffe9a970000 - 0x00007ffe9aa16000 	C:\Program Files\Java\jdk-9.0.4\bin\msvcp120.dll
0x0000000076930000 - 0x0000000077355000 	C:\Program Files\Java\jdk-9.0.4\bin\server\jvm.dll
0x00007ffead8c0000 - 0x00007ffead8c8000 	C:\WINDOWS\System32\PSAPI.DLL
0x00007ffea2bc0000 - 0x00007ffea2be3000 	C:\WINDOWS\SYSTEM32\WINMM.dll
0x00007ffea1c60000 - 0x00007ffea1c69000 	C:\WINDOWS\SYSTEM32\WSOCK32.dll
0x00007ffeaf760000 - 0x00007ffeaf7cc000 	C:\WINDOWS\System32\WS2_32.dll
0x00007ffea2b90000 - 0x00007ffea2bba000 	C:\WINDOWS\SYSTEM32\WINMMBASE.dll
0x00007ffeabf10000 - 0x00007ffeabf5a000 	C:\WINDOWS\System32\cfgmgr32.dll
0x00007ffea9c90000 - 0x00007ffea9c9f000 	C:\Program Files\Java\jdk-9.0.4\bin\verify.dll
0x00007ffea7f60000 - 0x00007ffea7f87000 	C:\Program Files\Java\jdk-9.0.4\bin\java.dll
0x00007ffe90540000 - 0x00007ffe9056a000 	C:\Program Files\Java\jdk-9.0.4\bin\instrument.dll
0x00007ffea9c70000 - 0x00007ffea9c86000 	C:\Program Files\Java\jdk-9.0.4\bin\zip.dll
0x00007ffea9110000 - 0x00007ffea911a000 	C:\Program Files\Java\jdk-9.0.4\bin\jimage.dll
0x00007ffeade10000 - 0x00007ffeaf246000 	C:\WINDOWS\System32\SHELL32.dll
0x00007ffeaf6b0000 - 0x00007ffeaf756000 	C:\WINDOWS\System32\shcore.dll
0x00007ffeac000000 - 0x00007ffeac747000 	C:\WINDOWS\System32\windows.storage.dll
0x00007ffead550000 - 0x00007ffead5a1000 	C:\WINDOWS\System32\shlwapi.dll
0x00007ffeabd00000 - 0x00007ffeabd11000 	C:\WINDOWS\System32\kernel.appcore.dll
0x00007ffeabcb0000 - 0x00007ffeabcfc000 	C:\WINDOWS\System32\powrprof.dll
0x00007ffeabc90000 - 0x00007ffeabcab000 	C:\WINDOWS\System32\profapi.dll
0x00007ffea90d0000 - 0x00007ffea90ea000 	C:\Program Files\Java\jdk-9.0.4\bin\net.dll
0x00007ffea6b50000 - 0x00007ffea6c2e000 	C:\WINDOWS\SYSTEM32\WINHTTP.dll
0x00007ffeab500000 - 0x00007ffeab566000 	C:\WINDOWS\system32\mswsock.dll
0x00007ffea7fe0000 - 0x00007ffea7ff1000 	C:\Program Files\Java\jdk-9.0.4\bin\nio.dll
0x00007ffe98da0000 - 0x00007ffe98dba000 	C:\Program Files\JetBrains\IntelliJ IDEA Community Edition 2017.3.4\bin\breakgen64.dll
0x00007ffe898d0000 - 0x00007ffe89a69000 	C:\Program Files\Java\jdk-9.0.4\bin\awt.dll
0x00007ffeaf5e0000 - 0x00007ffeaf6a5000 	C:\WINDOWS\System32\OLEAUT32.dll
0x00007ffea8560000 - 0x00007ffea8b18000 	C:\WINDOWS\SYSTEM32\d2d1.dll
0x00007ffeabd40000 - 0x00007ffeabf0e000 	C:\WINDOWS\System32\CRYPT32.dll
0x00007ffeabc70000 - 0x00007ffeabc82000 	C:\WINDOWS\System32\MSASN1.dll
0x00007ffeaa080000 - 0x00007ffeaa108000 	C:\WINDOWS\SYSTEM32\apphelp.dll
0x00007ffeaa6a0000 - 0x00007ffeaa6ca000 	C:\WINDOWS\system32\DWMAPI.DLL
0x00007ffeaa210000 - 0x00007ffeaa2a5000 	C:\WINDOWS\system32\uxtheme.dll
0x00007ffe6dca0000 - 0x00007ffe6ddbe000 	C:\WINDOWS\system32\opengl32.dll
0x00007ffe6dc70000 - 0x00007ffe6dc9c000 	C:\WINDOWS\SYSTEM32\GLU32.dll
0x00007ffead750000 - 0x00007ffead8b7000 	C:\WINDOWS\System32\MSCTF.dll
0x00007ffeaf250000 - 0x00007ffeaf399000 	C:\WINDOWS\System32\ole32.dll
0x00007ffe8f4e0000 - 0x00007ffe8f675000 	C:\WINDOWS\system32\d3d9.dll
0x00007ffe96e30000 - 0x00007ffe97016000 	C:\WINDOWS\System32\DriverStore\FileRepository\c0325250.inf_amd64_f15289543c93a82a\aticfx64.dll
0x00007ffe994b0000 - 0x00007ffe994de000 	C:\WINDOWS\System32\DriverStore\FileRepository\c0325250.inf_amd64_f15289543c93a82a\atiu9p64.dll
0x00007ffe6bf80000 - 0x00007ffe6caea000 	C:\WINDOWS\System32\DriverStore\FileRepository\c0325250.inf_amd64_f15289543c93a82a\atiumd64.dll
0x0000000072480000 - 0x00000000730fa000 	C:\WINDOWS\System32\DriverStore\FileRepository\c0325250.inf_amd64_f15289543c93a82a\atiumd6a.dll
0x00007ffe95e30000 - 0x00007ffe95e59000 	C:\WINDOWS\SYSTEM32\amdihk64.dll
0x00007ffe9e340000 - 0x00007ffe9e508000 	C:\WINDOWS\SYSTEM32\dbghelp.dll

VM Arguments:
jvm_args: -javaagent:C:\Program Files\JetBrains\IntelliJ IDEA Community Edition 2017.3.4\lib\idea_rt.jar=62800:C:\Program Files\JetBrains\IntelliJ IDEA Community Edition 2017.3.4\bin -Dfile.encoding=UTF-8 
java_command: milanesa.sudoku.main.Window
java_class_path (initial): C:\Luca\Programacion\Java\Proyectos\Sudoku Builder\SudokuBuilderCode\out\production\SudokuBuilder
Launcher Type: SUN_STANDARD

Logging:
Log output configuration:
#0: stdout all=warning uptime,level,tags
#1: stderr all=off uptime,level,tags

Environment Variables:
PATH=C:\Program Files (x86)\Common Files\Intel\Shared Libraries\redist\intel64\compiler;C:\ProgramData\Oracle\Java\javapath;C:\Program Files (x86)\NVIDIA Corporation\PhysX\Common;C:\WINDOWS\system32;C:\WINDOWS;C:\WINDOWS\System32\Wbem;C:\WINDOWS\System32\WindowsPowerShell\v1.0\;"C:\WINDOWS\system32;C:\WINDOWS";C:\Program Files (x86)\GtkSharp\2.12\bin;C:\Program Files (x86)\Streamlink\bin;C:\Android\tools;C:\Android\platform-tools;C:\Program Files\Git\cmd;C:\Users\lucag\AppData\Local\Programs\Python\Python36-32\Scripts\;C:\Users\lucag\AppData\Local\Programs\Python\Python36-32\;C:\Users\lucag\AppData\Local\Microsoft\WindowsApps;
USERNAME=lucag
OS=Windows_NT
PROCESSOR_IDENTIFIER=AMD64 Family 23 Model 1 Stepping 1, AuthenticAMD



---------------  S Y S T E M  ---------------

OS: Windows 10 , 64 bit Build 16299 (10.0.16299.15)

CPU:total 8 (initial active 8) (8 cores per cpu, 1 threads per core) family 23 model 1 stepping 1, cmov, cx8, fxsr, mmx, sse, sse2, sse3, ssse3, sse4.1, sse4.2, popcnt, avx, avx2, aes, clmul, mmxext, 3dnowpref, lzcnt, sse4a, tsc, tscinvbit, tscinv, bmi1

Memory: 4k page, physical 8338864k(2178436k free), swap 10436016k(76k free)

vm_info: Java HotSpot(TM) 64-Bit Server VM (9.0.4+11) for windows-amd64 JRE (9.0.4+11), built on Dec 20 2017 02:18:54 by "mach5one" with MS VC++ 12.0 (VS2013)

END.
