#
# There is insufficient memory for the Java Runtime Environment to continue.
# Native memory allocation (malloc) failed to allocate 579696 bytes for Chunk::new
# Possible reasons:
#   The system is out of physical RAM or swap space
#   The process is running with CompressedOops enabled, and the Java Heap may be blocking the growth of the native heap
# Possible solutions:
#   Reduce memory load on the system
#   Increase physical memory or swap space
#   Check if swap backing store is full
#   Decrease Java heap size (-Xmx/-Xms)
#   Decrease number of Java threads
#   Decrease Java thread stack sizes (-Xss)
#   Set larger code cache with -XX:ReservedCodeCacheSize=
#   JVM is running with Unscaled Compressed Oops mode in which the Java heap is
#     placed in the first 4GB address space. The Java Heap base address is the
#     maximum limit for the native heap growth. Please use -XX:HeapBaseMinAddress
#     to set the Java Heap base and to place the Java Heap above 4GB virtual address.
# This output file may be truncated or incomplete.
#
#  Out of Memory Error (t:/workspace/hotspot/src/share/vm/memory/allocation.cpp:372), pid=37500, tid=36164
#
# JRE version: Java(TM) SE Runtime Environment (9.0+11) (build 9.0.4+11)
# Java VM: Java HotSpot(TM) 64-Bit Server VM (9.0.4+11, mixed mode, tiered, compressed oops, g1 gc, windows-amd64)
# No core dump will be written. Minidumps are not enabled by default on client versions of Windows
#

---------------  S U M M A R Y ------------

Command Line: -javaagent:C:\Program Files\JetBrains\IntelliJ IDEA Community Edition 2017.3.4\lib\idea_rt.jar=62810:C:\Program Files\JetBrains\IntelliJ IDEA Community Edition 2017.3.4\bin -Dfile.encoding=UTF-8 milanesa.sudoku.main.Window

Host: AMD Ryzen 5 1400 Quad-Core Processor           , 8 cores, 7G,  Windows 10 , 64 bit Build 16299 (10.0.16299.15)
Time: Wed Mar 14 02:51:06 2018 Hora estándar de Argentina elapsed time: 0 seconds (0d 0h 0m 0s)

---------------  T H R E A D  ---------------

Current thread (0x00000147cb915000):  JavaThread "C2 CompilerThread1" daemon [_thread_in_native, id=36164, stack(0x0000002b9ef00000,0x0000002b9f000000)]


Current CompileTask:
C2:    520  566       4       jdk.internal.org.objectweb.asm.Frame::execute (2252 bytes)

Stack: [0x0000002b9ef00000,0x0000002b9f000000]
Native frames: (J=compiled Java code, j=interpreted, Vv=VM code, C=native code)
V  [jvm.dll+0x587068]
V  [jvm.dll+0x69c25e]
V  [jvm.dll+0x69d17a]
V  [jvm.dll+0x69d7b3]
V  [jvm.dll+0x21d198]
V  [jvm.dll+0xa7aac]
V  [jvm.dll+0xa83ec]
V  [jvm.dll+0x28b3a4]
V  [jvm.dll+0x4aedea]
V  [jvm.dll+0x1eb21a]
V  [jvm.dll+0x1e8d11]
V  [jvm.dll+0x1691cb]
V  [jvm.dll+0x1f6570]
V  [jvm.dll+0x1f51f6]
V  [jvm.dll+0x66b44f]
V  [jvm.dll+0x586490]
C  [msvcr120.dll+0x24f7f]
C  [msvcr120.dll+0x25126]
C  [KERNEL32.DLL+0x11fe4]
C  [ntdll.dll+0x6efc1]


---------------  P R O C E S S  ---------------

Java Threads: ( => current thread )
  0x00000147cc0eb000 JavaThread "AWT-Windows" daemon [_thread_in_native, id=35696, stack(0x0000002b9f900000,0x0000002b9fa00000)]
  0x00000147cc0cf000 JavaThread "AWT-Shutdown" [_thread_blocked, id=35464, stack(0x0000002b9f800000,0x0000002b9f900000)]
  0x00000147cc0bb800 JavaThread "Java2D Disposer" daemon [_thread_blocked, id=40692, stack(0x0000002b9f700000,0x0000002b9f800000)]
  0x00000147cbd1f800 JavaThread "Service Thread" daemon [_thread_blocked, id=40888, stack(0x0000002b9f500000,0x0000002b9f600000)]
  0x00000147cbd1f000 JavaThread "Monitor Ctrl-Break" daemon [_thread_in_native, id=41304, stack(0x0000002b9f400000,0x0000002b9f500000)]
  0x00000147cb99e000 JavaThread "Common-Cleaner" daemon [_thread_blocked, id=36316, stack(0x0000002b9f300000,0x0000002b9f400000)]
  0x00000147cb929800 JavaThread "Sweeper thread" daemon [_thread_blocked, id=36312, stack(0x0000002b9f200000,0x0000002b9f300000)]
  0x00000147cb921000 JavaThread "C1 CompilerThread3" daemon [_thread_blocked, id=36076, stack(0x0000002b9f100000,0x0000002b9f200000)]
  0x00000147cb916000 JavaThread "C2 CompilerThread2" daemon [_thread_blocked, id=36132, stack(0x0000002b9f000000,0x0000002b9f100000)]
=>0x00000147cb915000 JavaThread "C2 CompilerThread1" daemon [_thread_in_native, id=36164, stack(0x0000002b9ef00000,0x0000002b9f000000)]
  0x00000147cb914800 JavaThread "C2 CompilerThread0" daemon [_thread_blocked, id=36340, stack(0x0000002b9ee00000,0x0000002b9ef00000)]
  0x00000147cb913000 JavaThread "Attach Listener" daemon [_thread_blocked, id=41236, stack(0x0000002b9ed00000,0x0000002b9ee00000)]
  0x00000147cb912800 JavaThread "Signal Dispatcher" daemon [_thread_blocked, id=41196, stack(0x0000002b9ec00000,0x0000002b9ed00000)]
  0x00000147cb8b7000 JavaThread "Finalizer" daemon [_thread_blocked, id=8480, stack(0x0000002b9ea00000,0x0000002b9eb00000)]
  0x00000147cb8b5800 JavaThread "Reference Handler" daemon [_thread_blocked, id=20880, stack(0x0000002b9e900000,0x0000002b9ea00000)]
  0x00000147a7c12000 JavaThread "main" [_thread_blocked, id=40224, stack(0x0000002b9d300000,0x0000002b9d400000)]

Other Threads:
  0x00000147cb8b1000 VMThread "VM Thread" [stack: 0x0000002b9e800000,0x0000002b9e900000] [id=39964]
  0x00000147cbd1c800 WatcherThread [stack: 0x0000002b9f600000,0x0000002b9f700000] [id=33008]
  0x00000147a7c28000 GCTaskThread "GC Thread#0" [stack: 0x0000002b9d400000,0x0000002b9d500000] [id=38172]
  0x00000147a7c29800 GCTaskThread "GC Thread#1" [stack: 0x0000002b9d500000,0x0000002b9d600000] [id=40620]
  0x00000147a7c2b000 GCTaskThread "GC Thread#2" [stack: 0x0000002b9d600000,0x0000002b9d700000] [id=40120]
  0x00000147a7c2d800 GCTaskThread "GC Thread#3" [stack: 0x0000002b9d700000,0x0000002b9d800000] [id=41192]
  0x00000147a7c30000 GCTaskThread "GC Thread#4" [stack: 0x0000002b9d800000,0x0000002b9d900000] [id=41420]
  0x00000147a7c35800 GCTaskThread "GC Thread#5" [stack: 0x0000002b9d900000,0x0000002b9da00000] [id=41776]
  0x00000147a7c4c800 GCTaskThread "GC Thread#6" [stack: 0x0000002b9da00000,0x0000002b9db00000] [id=40368]
  0x00000147a7c4c000 GCTaskThread "GC Thread#7" [stack: 0x0000002b9db00000,0x0000002b9dc00000] [id=41868]
  0x00000147a7c9c800 ConcurrentGCThread "G1 Main Marker" [stack: 0x0000002b9e500000,0x0000002b9e600000] [id=41172]
  0x00000147a7c4e800 ConcurrentGCThread "G1 Marker#0" [stack: 0x0000002b9e600000,0x0000002b9e700000] [id=39812]
  0x00000147a7c4e000 ConcurrentGCThread "G1 Marker#1" [stack: 0x0000002b9e700000,0x0000002b9e800000] [id=39432]
  0x00000147a7c70000 ConcurrentGCThread "G1 Refine#0" [stack: 0x0000002b9e300000,0x0000002b9e400000] [id=40688]
  0x00000147a7c70800 ConcurrentGCThread "G1 Refine#1" [stack: 0x0000002b9e200000,0x0000002b9e300000] [id=8376]
  0x00000147a7c64800 ConcurrentGCThread "G1 Refine#2" [stack: 0x0000002b9e100000,0x0000002b9e200000] [id=30676]
  0x00000147a7c5b800 ConcurrentGCThread "G1 Refine#3" [stack: 0x0000002b9e000000,0x0000002b9e100000] [id=38248]
  0x00000147a7c5b000 ConcurrentGCThread "G1 Refine#4" [stack: 0x0000002b9df00000,0x0000002b9e000000] [id=39320]
  0x00000147a7c58800 ConcurrentGCThread "G1 Refine#5" [stack: 0x0000002b9de00000,0x0000002b9df00000] [id=25112]
  0x00000147a7c56800 ConcurrentGCThread "G1 Refine#6" [stack: 0x0000002b9dd00000,0x0000002b9de00000] [id=37544]
  0x00000147a7c56000 ConcurrentGCThread "G1 Refine#7" [stack: 0x0000002b9dc00000,0x0000002b9dd00000] [id=39076]
  0x00000147a7c7a000 ConcurrentGCThread "G1 Young RemSet Sampling" [stack: 0x0000002b9e400000,0x0000002b9e500000] [id=34432]

Threads with active compile tasks:
C2 CompilerThread1 566       4       jdk.internal.org.objectweb.asm.Frame::execute (2252 bytes)

VM state:at safepoint (normal execution)

VM Mutex/Monitor currently owned by a thread:  ([mutex/lock_event])
[0x00000147a7c0f030] Threads_lock - owner thread: 0x00000147cb8b1000
[0x00000147a7c10740] Heap_lock - owner thread: 0x00000147a7c12000

Heap address: 0x0000000080c00000, size: 2036 MB, Compressed Oops mode: 32-bit
Narrow klass base: 0x0000000000000000, Narrow klass shift: 3
Compressed class space size: 1073741824 Address: 0x0000000100000000

Heap:
 garbage-first heap   total 131072K, used 10743K [0x0000000080c00000, 0x0000000080d00400, 0x0000000100000000)
  region size 1024K, 12 young (12288K), 1 survivors (1024K)
 Metaspace       used 9783K, capacity 10216K, committed 10368K, reserved 1064960K
  class space    used 945K, capacity 1045K, committed 1152K, reserved 1048576K
Heap Regions: E=young(eden), S=young(survivor), O=old, HS=humongous(starts), HC=humongous(continues), CS=collection set, F=free, A=archive, TS=gc time stamp, AC=allocation context, TAMS=top-at-mark-start (previous, next)
|   0|0x0000000080c00000, 0x0000000080c00000, 0x0000000080d00000|  0%| F|  |TS  0|AC  0|TAMS 0x0000000080c00000, 0x0000000080c00000|
|   1|0x0000000080d00000, 0x0000000080d00000, 0x0000000080e00000|  0%| F|  |TS  0|AC  0|TAMS 0x0000000080d00000, 0x0000000080d00000|
|   2|0x0000000080e00000, 0x0000000080e00000, 0x0000000080f00000|  0%| F|  |TS  0|AC  0|TAMS 0x0000000080e00000, 0x0000000080e00000|
|   3|0x0000000080f00000, 0x0000000080f00000, 0x0000000081000000|  0%| F|  |TS  0|AC  0|TAMS 0x0000000080f00000, 0x0000000080f00000|
|   4|0x0000000081000000, 0x0000000081000000, 0x0000000081100000|  0%| F|  |TS  0|AC  0|TAMS 0x0000000081000000, 0x0000000081000000|
|   5|0x0000000081100000, 0x0000000081100000, 0x0000000081200000|  0%| F|  |TS  0|AC  0|TAMS 0x0000000081100000, 0x0000000081100000|
|   6|0x0000000081200000, 0x0000000081200000, 0x0000000081300000|  0%| F|  |TS  0|AC  0|TAMS 0x0000000081200000, 0x0000000081200000|
|   7|0x0000000081300000, 0x0000000081300000, 0x0000000081400000|  0%| F|  |TS  0|AC  0|TAMS 0x0000000081300000, 0x0000000081300000|
|   8|0x0000000081400000, 0x0000000081400000, 0x0000000081500000|  0%| F|  |TS  0|AC  0|TAMS 0x0000000081400000, 0x0000000081400000|
|   9|0x0000000081500000, 0x0000000081500000, 0x0000000081600000|  0%| F|  |TS  0|AC  0|TAMS 0x0000000081500000, 0x0000000081500000|
|  10|0x0000000081600000, 0x0000000081600000, 0x0000000081700000|  0%| F|  |TS  0|AC  0|TAMS 0x0000000081600000, 0x0000000081600000|
|  11|0x0000000081700000, 0x0000000081700000, 0x0000000081800000|  0%| F|  |TS  0|AC  0|TAMS 0x0000000081700000, 0x0000000081700000|
|  12|0x0000000081800000, 0x0000000081800000, 0x0000000081900000|  0%| F|  |TS  0|AC  0|TAMS 0x0000000081800000, 0x0000000081800000|
|  13|0x0000000081900000, 0x0000000081900000, 0x0000000081a00000|  0%| F|  |TS  0|AC  0|TAMS 0x0000000081900000, 0x0000000081900000|
|  14|0x0000000081a00000, 0x0000000081a00000, 0x0000000081b00000|  0%| F|  |TS  0|AC  0|TAMS 0x0000000081a00000, 0x0000000081a00000|
|  15|0x0000000081b00000, 0x0000000081b00000, 0x0000000081c00000|  0%| F|  |TS  0|AC  0|TAMS 0x0000000081b00000, 0x0000000081b00000|
|  16|0x0000000081c00000, 0x0000000081c00000, 0x0000000081d00000|  0%| F|  |TS  0|AC  0|TAMS 0x0000000081c00000, 0x0000000081c00000|
|  17|0x0000000081d00000, 0x0000000081d00000, 0x0000000081e00000|  0%| F|  |TS  0|AC  0|TAMS 0x0000000081d00000, 0x0000000081d00000|
|  18|0x0000000081e00000, 0x0000000081e00000, 0x0000000081f00000|  0%| F|  |TS  0|AC  0|TAMS 0x0000000081e00000, 0x0000000081e00000|
|  19|0x0000000081f00000, 0x0000000081f00000, 0x0000000082000000|  0%| F|  |TS  0|AC  0|TAMS 0x0000000081f00000, 0x0000000081f00000|
|  20|0x0000000082000000, 0x0000000082000000, 0x0000000082100000|  0%| F|  |TS  0|AC  0|TAMS 0x0000000082000000, 0x0000000082000000|
|  21|0x0000000082100000, 0x0000000082100000, 0x0000000082200000|  0%| F|  |TS  0|AC  0|TAMS 0x0000000082100000, 0x0000000082100000|
|  22|0x0000000082200000, 0x0000000082200000, 0x0000000082300000|  0%| F|  |TS  0|AC  0|TAMS 0x0000000082200000, 0x0000000082200000|
|  23|0x0000000082300000, 0x0000000082300000, 0x0000000082400000|  0%| F|  |TS  0|AC  0|TAMS 0x0000000082300000, 0x0000000082300000|
|  24|0x0000000082400000, 0x0000000082400000, 0x0000000082500000|  0%| F|  |TS  0|AC  0|TAMS 0x0000000082400000, 0x0000000082400000|
|  25|0x0000000082500000, 0x0000000082500000, 0x0000000082600000|  0%| F|  |TS  0|AC  0|TAMS 0x0000000082500000, 0x0000000082500000|
|  26|0x0000000082600000, 0x0000000082600000, 0x0000000082700000|  0%| F|  |TS  0|AC  0|TAMS 0x0000000082600000, 0x0000000082600000|
|  27|0x0000000082700000, 0x0000000082700000, 0x0000000082800000|  0%| F|  |TS  0|AC  0|TAMS 0x0000000082700000, 0x0000000082700000|
|  28|0x0000000082800000, 0x0000000082800000, 0x0000000082900000|  0%| F|  |TS  0|AC  0|TAMS 0x0000000082800000, 0x0000000082800000|
|  29|0x0000000082900000, 0x0000000082900000, 0x0000000082a00000|  0%| F|  |TS  0|AC  0|TAMS 0x0000000082900000, 0x0000000082900000|
|  30|0x0000000082a00000, 0x0000000082a00000, 0x0000000082b00000|  0%| F|  |TS  0|AC  0|TAMS 0x0000000082a00000, 0x0000000082a00000|
|  31|0x0000000082b00000, 0x0000000082b00000, 0x0000000082c00000|  0%| F|  |TS  0|AC  0|TAMS 0x0000000082b00000, 0x0000000082b00000|
|  32|0x0000000082c00000, 0x0000000082c00000, 0x0000000082d00000|  0%| F|  |TS  0|AC  0|TAMS 0x0000000082c00000, 0x0000000082c00000|
|  33|0x0000000082d00000, 0x0000000082d00000, 0x0000000082e00000|  0%| F|  |TS  0|AC  0|TAMS 0x0000000082d00000, 0x0000000082d00000|
|  34|0x0000000082e00000, 0x0000000082e00000, 0x0000000082f00000|  0%| F|  |TS  0|AC  0|TAMS 0x0000000082e00000, 0x0000000082e00000|
|  35|0x0000000082f00000, 0x0000000082f00000, 0x0000000083000000|  0%| F|  |TS  0|AC  0|TAMS 0x0000000082f00000, 0x0000000082f00000|
|  36|0x0000000083000000, 0x0000000083000000, 0x0000000083100000|  0%| F|  |TS  0|AC  0|TAMS 0x0000000083000000, 0x0000000083000000|
|  37|0x0000000083100000, 0x0000000083100000, 0x0000000083200000|  0%| F|  |TS  0|AC  0|TAMS 0x0000000083100000, 0x0000000083100000|
|  38|0x0000000083200000, 0x0000000083200000, 0x0000000083300000|  0%| F|  |TS  0|AC  0|TAMS 0x0000000083200000, 0x0000000083200000|
|  39|0x0000000083300000, 0x0000000083300000, 0x0000000083400000|  0%| F|  |TS  0|AC  0|TAMS 0x0000000083300000, 0x0000000083300000|
|  40|0x0000000083400000, 0x0000000083400000, 0x0000000083500000|  0%| F|  |TS  0|AC  0|TAMS 0x0000000083400000, 0x0000000083400000|
|  41|0x0000000083500000, 0x0000000083500000, 0x0000000083600000|  0%| F|  |TS  0|AC  0|TAMS 0x0000000083500000, 0x0000000083500000|
|  42|0x0000000083600000, 0x0000000083600000, 0x0000000083700000|  0%| F|  |TS  0|AC  0|TAMS 0x0000000083600000, 0x0000000083600000|
|  43|0x0000000083700000, 0x0000000083700000, 0x0000000083800000|  0%| F|  |TS  0|AC  0|TAMS 0x0000000083700000, 0x0000000083700000|
|  44|0x0000000083800000, 0x0000000083800000, 0x0000000083900000|  0%| F|  |TS  0|AC  0|TAMS 0x0000000083800000, 0x0000000083800000|
|  45|0x0000000083900000, 0x0000000083900000, 0x0000000083a00000|  0%| F|  |TS  0|AC  0|TAMS 0x0000000083900000, 0x0000000083900000|
|  46|0x0000000083a00000, 0x0000000083a00000, 0x0000000083b00000|  0%| F|  |TS  0|AC  0|TAMS 0x0000000083a00000, 0x0000000083a00000|
|  47|0x0000000083b00000, 0x0000000083b00000, 0x0000000083c00000|  0%| F|  |TS  0|AC  0|TAMS 0x0000000083b00000, 0x0000000083b00000|
|  48|0x0000000083c00000, 0x0000000083c00000, 0x0000000083d00000|  0%| F|  |TS  0|AC  0|TAMS 0x0000000083c00000, 0x0000000083c00000|
|  49|0x0000000083d00000, 0x0000000083d00000, 0x0000000083e00000|  0%| F|  |TS  0|AC  0|TAMS 0x0000000083d00000, 0x0000000083d00000|
|  50|0x0000000083e00000, 0x0000000083e00000, 0x0000000083f00000|  0%| F|  |TS  0|AC  0|TAMS 0x0000000083e00000, 0x0000000083e00000|
|  51|0x0000000083f00000, 0x0000000083f00000, 0x0000000084000000|  0%| F|  |TS  0|AC  0|TAMS 0x0000000083f00000, 0x0000000083f00000|
|  52|0x0000000084000000, 0x0000000084000000, 0x0000000084100000|  0%| F|  |TS  0|AC  0|TAMS 0x0000000084000000, 0x0000000084000000|
|  53|0x0000000084100000, 0x0000000084100000, 0x0000000084200000|  0%| F|  |TS  0|AC  0|TAMS 0x0000000084100000, 0x0000000084100000|
|  54|0x0000000084200000, 0x0000000084200000, 0x0000000084300000|  0%| F|  |TS  0|AC  0|TAMS 0x0000000084200000, 0x0000000084200000|
|  55|0x0000000084300000, 0x0000000084300000, 0x0000000084400000|  0%| F|  |TS  0|AC  0|TAMS 0x0000000084300000, 0x0000000084300000|
|  56|0x0000000084400000, 0x0000000084400000, 0x0000000084500000|  0%| F|  |TS  0|AC  0|TAMS 0x0000000084400000, 0x0000000084400000|
|  57|0x0000000084500000, 0x0000000084500000, 0x0000000084600000|  0%| F|  |TS  0|AC  0|TAMS 0x0000000084500000, 0x0000000084500000|
|  58|0x0000000084600000, 0x0000000084600000, 0x0000000084700000|  0%| F|  |TS  0|AC  0|TAMS 0x0000000084600000, 0x0000000084600000|
|  59|0x0000000084700000, 0x0000000084700000, 0x0000000084800000|  0%| F|  |TS  0|AC  0|TAMS 0x0000000084700000, 0x0000000084700000|
|  60|0x0000000084800000, 0x0000000084800000, 0x0000000084900000|  0%| F|  |TS  0|AC  0|TAMS 0x0000000084800000, 0x0000000084800000|
|  61|0x0000000084900000, 0x0000000084900000, 0x0000000084a00000|  0%| F|  |TS  0|AC  0|TAMS 0x0000000084900000, 0x0000000084900000|
|  62|0x0000000084a00000, 0x0000000084a00000, 0x0000000084b00000|  0%| F|  |TS  0|AC  0|TAMS 0x0000000084a00000, 0x0000000084a00000|
|  63|0x0000000084b00000, 0x0000000084b00000, 0x0000000084c00000|  0%| F|  |TS  0|AC  0|TAMS 0x0000000084b00000, 0x0000000084b00000|
|  64|0x0000000084c00000, 0x0000000084c00000, 0x0000000084d00000|  0%| F|  |TS  0|AC  0|TAMS 0x0000000084c00000, 0x0000000084c00000|
|  65|0x0000000084d00000, 0x0000000084d00000, 0x0000000084e00000|  0%| F|  |TS  0|AC  0|TAMS 0x0000000084d00000, 0x0000000084d00000|
|  66|0x0000000084e00000, 0x0000000084e00000, 0x0000000084f00000|  0%| F|  |TS  0|AC  0|TAMS 0x0000000084e00000, 0x0000000084e00000|
|  67|0x0000000084f00000, 0x0000000084f00000, 0x0000000085000000|  0%| F|  |TS  0|AC  0|TAMS 0x0000000084f00000, 0x0000000084f00000|
|  68|0x0000000085000000, 0x0000000085000000, 0x0000000085100000|  0%| F|  |TS  0|AC  0|TAMS 0x0000000085000000, 0x0000000085000000|
|  69|0x0000000085100000, 0x0000000085100000, 0x0000000085200000|  0%| F|  |TS  0|AC  0|TAMS 0x0000000085100000, 0x0000000085100000|
|  70|0x0000000085200000, 0x0000000085200000, 0x0000000085300000|  0%| F|  |TS  0|AC  0|TAMS 0x0000000085200000, 0x0000000085200000|
|  71|0x0000000085300000, 0x0000000085300000, 0x0000000085400000|  0%| F|  |TS  0|AC  0|TAMS 0x0000000085300000, 0x0000000085300000|
|  72|0x0000000085400000, 0x0000000085400000, 0x0000000085500000|  0%| F|  |TS  0|AC  0|TAMS 0x0000000085400000, 0x0000000085400000|
|  73|0x0000000085500000, 0x0000000085500000, 0x0000000085600000|  0%| F|  |TS  0|AC  0|TAMS 0x0000000085500000, 0x0000000085500000|
|  74|0x0000000085600000, 0x0000000085600000, 0x0000000085700000|  0%| F|  |TS  0|AC  0|TAMS 0x0000000085600000, 0x0000000085600000|
|  75|0x0000000085700000, 0x0000000085700000, 0x0000000085800000|  0%| F|  |TS  0|AC  0|TAMS 0x0000000085700000, 0x0000000085700000|
|  76|0x0000000085800000, 0x0000000085800000, 0x0000000085900000|  0%| F|  |TS  0|AC  0|TAMS 0x0000000085800000, 0x0000000085800000|
|  77|0x0000000085900000, 0x0000000085900000, 0x0000000085a00000|  0%| F|  |TS  0|AC  0|TAMS 0x0000000085900000, 0x0000000085900000|
|  78|0x0000000085a00000, 0x0000000085a00000, 0x0000000085b00000|  0%| F|  |TS  0|AC  0|TAMS 0x0000000085a00000, 0x0000000085a00000|
|  79|0x0000000085b00000, 0x0000000085b00000, 0x0000000085c00000|  0%| F|  |TS  0|AC  0|TAMS 0x0000000085b00000, 0x0000000085b00000|
|  80|0x0000000085c00000, 0x0000000085c00000, 0x0000000085d00000|  0%| F|  |TS  0|AC  0|TAMS 0x0000000085c00000, 0x0000000085c00000|
|  81|0x0000000085d00000, 0x0000000085d00000, 0x0000000085e00000|  0%| F|  |TS  0|AC  0|TAMS 0x0000000085d00000, 0x0000000085d00000|
|  82|0x0000000085e00000, 0x0000000085e00000, 0x0000000085f00000|  0%| F|  |TS  0|AC  0|TAMS 0x0000000085e00000, 0x0000000085e00000|
|  83|0x0000000085f00000, 0x0000000085f00000, 0x0000000086000000|  0%| F|  |TS  0|AC  0|TAMS 0x0000000085f00000, 0x0000000085f00000|
|  84|0x0000000086000000, 0x0000000086000000, 0x0000000086100000|  0%| F|  |TS  0|AC  0|TAMS 0x0000000086000000, 0x0000000086000000|
|  85|0x0000000086100000, 0x0000000086100000, 0x0000000086200000|  0%| F|  |TS  0|AC  0|TAMS 0x0000000086100000, 0x0000000086100000|
|  86|0x0000000086200000, 0x0000000086200000, 0x0000000086300000|  0%| F|  |TS  0|AC  0|TAMS 0x0000000086200000, 0x0000000086200000|
|  87|0x0000000086300000, 0x0000000086300000, 0x0000000086400000|  0%| F|  |TS  0|AC  0|TAMS 0x0000000086300000, 0x0000000086300000|
|  88|0x0000000086400000, 0x0000000086400000, 0x0000000086500000|  0%| F|  |TS  0|AC  0|TAMS 0x0000000086400000, 0x0000000086400000|
|  89|0x0000000086500000, 0x0000000086500000, 0x0000000086600000|  0%| F|  |TS  0|AC  0|TAMS 0x0000000086500000, 0x0000000086500000|
|  90|0x0000000086600000, 0x0000000086600000, 0x0000000086700000|  0%| F|  |TS  0|AC  0|TAMS 0x0000000086600000, 0x0000000086600000|
|  91|0x0000000086700000, 0x0000000086700000, 0x0000000086800000|  0%| F|  |TS  0|AC  0|TAMS 0x0000000086700000, 0x0000000086700000|
|  92|0x0000000086800000, 0x0000000086800000, 0x0000000086900000|  0%| F|  |TS  0|AC  0|TAMS 0x0000000086800000, 0x0000000086800000|
|  93|0x0000000086900000, 0x0000000086900000, 0x0000000086a00000|  0%| F|  |TS  0|AC  0|TAMS 0x0000000086900000, 0x0000000086900000|
|  94|0x0000000086a00000, 0x0000000086a00000, 0x0000000086b00000|  0%| F|  |TS  0|AC  0|TAMS 0x0000000086a00000, 0x0000000086a00000|
|  95|0x0000000086b00000, 0x0000000086b00000, 0x0000000086c00000|  0%| F|  |TS  0|AC  0|TAMS 0x0000000086b00000, 0x0000000086b00000|
|  96|0x0000000086c00000, 0x0000000086c00000, 0x0000000086d00000|  0%| F|  |TS  0|AC  0|TAMS 0x0000000086c00000, 0x0000000086c00000|
|  97|0x0000000086d00000, 0x0000000086d00000, 0x0000000086e00000|  0%| F|  |TS  0|AC  0|TAMS 0x0000000086d00000, 0x0000000086d00000|
|  98|0x0000000086e00000, 0x0000000086e00000, 0x0000000086f00000|  0%| F|  |TS  0|AC  0|TAMS 0x0000000086e00000, 0x0000000086e00000|
|  99|0x0000000086f00000, 0x0000000086f00000, 0x0000000087000000|  0%| F|  |TS  0|AC  0|TAMS 0x0000000086f00000, 0x0000000086f00000|
| 100|0x0000000087000000, 0x0000000087000000, 0x0000000087100000|  0%| F|  |TS  0|AC  0|TAMS 0x0000000087000000, 0x0000000087000000|
| 101|0x0000000087100000, 0x0000000087100000, 0x0000000087200000|  0%| F|  |TS  0|AC  0|TAMS 0x0000000087100000, 0x0000000087100000|
| 102|0x0000000087200000, 0x0000000087200000, 0x0000000087300000|  0%| F|  |TS  0|AC  0|TAMS 0x0000000087200000, 0x0000000087200000|
| 103|0x0000000087300000, 0x0000000087300000, 0x0000000087400000|  0%| F|  |TS  0|AC  0|TAMS 0x0000000087300000, 0x0000000087300000|
| 104|0x0000000087400000, 0x0000000087400000, 0x0000000087500000|  0%| F|  |TS  0|AC  0|TAMS 0x0000000087400000, 0x0000000087400000|
| 105|0x0000000087500000, 0x0000000087500000, 0x0000000087600000|  0%| F|  |TS  0|AC  0|TAMS 0x0000000087500000, 0x0000000087500000|
| 106|0x0000000087600000, 0x0000000087600000, 0x0000000087700000|  0%| F|  |TS  0|AC  0|TAMS 0x0000000087600000, 0x0000000087600000|
| 107|0x0000000087700000, 0x0000000087700000, 0x0000000087800000|  0%| F|  |TS  0|AC  0|TAMS 0x0000000087700000, 0x0000000087700000|
| 108|0x0000000087800000, 0x0000000087800000, 0x0000000087900000|  0%| F|  |TS  0|AC  0|TAMS 0x0000000087800000, 0x0000000087800000|
| 109|0x0000000087900000, 0x0000000087900000, 0x0000000087a00000|  0%| F|  |TS  0|AC  0|TAMS 0x0000000087900000, 0x0000000087900000|
| 110|0x0000000087a00000, 0x0000000087a00000, 0x0000000087b00000|  0%| F|  |TS  0|AC  0|TAMS 0x0000000087a00000, 0x0000000087a00000|
| 111|0x0000000087b00000, 0x0000000087b00000, 0x0000000087c00000|  0%| F|  |TS  0|AC  0|TAMS 0x0000000087b00000, 0x0000000087b00000|
| 112|0x0000000087c00000, 0x0000000087c00000, 0x0000000087d00000|  0%| F|  |TS  0|AC  0|TAMS 0x0000000087c00000, 0x0000000087c00000|
| 113|0x0000000087d00000, 0x0000000087d00000, 0x0000000087e00000|  0%| F|  |TS  0|AC  0|TAMS 0x0000000087d00000, 0x0000000087d00000|
| 114|0x0000000087e00000, 0x0000000087e00000, 0x0000000087f00000|  0%| F|  |TS  0|AC  0|TAMS 0x0000000087e00000, 0x0000000087e00000|
| 115|0x0000000087f00000, 0x0000000087f00000, 0x0000000088000000|  0%| F|  |TS  0|AC  0|TAMS 0x0000000087f00000, 0x0000000087f00000|
| 116|0x0000000088000000, 0x000000008804ce08, 0x0000000088100000| 30%| S|  |TS  1|AC  0|TAMS 0x0000000088000000, 0x0000000088000000|
| 117|0x0000000088100000, 0x000000008817ddf0, 0x0000000088200000| 49%| E|CS|TS  0|AC  0|TAMS 0x0000000088100000, 0x000000008817ddf0|
| 118|0x0000000088200000, 0x0000000088300000, 0x0000000088300000|100%| E|CS|TS  0|AC  0|TAMS 0x0000000088200000, 0x0000000088300000|
| 119|0x0000000088300000, 0x0000000088400000, 0x0000000088400000|100%| E|CS|TS  0|AC  0|TAMS 0x0000000088300000, 0x0000000088400000|
| 120|0x0000000088400000, 0x0000000088500000, 0x0000000088500000|100%| E|CS|TS  0|AC  0|TAMS 0x0000000088400000, 0x0000000088500000|
| 121|0x0000000088500000, 0x0000000088600000, 0x0000000088600000|100%| E|CS|TS  0|AC  0|TAMS 0x0000000088500000, 0x0000000088600000|
| 122|0x0000000088600000, 0x0000000088700000, 0x0000000088700000|100%| E|CS|TS  0|AC  0|TAMS 0x0000000088600000, 0x0000000088700000|
| 123|0x0000000088700000, 0x0000000088800000, 0x0000000088800000|100%| E|CS|TS  0|AC  0|TAMS 0x0000000088700000, 0x0000000088800000|
| 124|0x0000000088800000, 0x0000000088900000, 0x0000000088900000|100%| E|CS|TS  0|AC  0|TAMS 0x0000000088800000, 0x0000000088900000|
| 125|0x0000000088900000, 0x0000000088a00000, 0x0000000088a00000|100%| E|CS|TS  0|AC  0|TAMS 0x0000000088900000, 0x0000000088a00000|
| 126|0x0000000088a00000, 0x0000000088b00000, 0x0000000088b00000|100%| E|CS|TS  0|AC  0|TAMS 0x0000000088a00000, 0x0000000088b00000|
| 127|0x0000000088b00000, 0x0000000088c00000, 0x0000000088c00000|100%| E|CS|TS  0|AC  0|TAMS 0x0000000088b00000, 0x0000000088c00000|

Card table byte_map: [0x00000147c3e00000,0x00000147c4200000] byte_map_base: 0x00000147c39fa000

Marking Bits (Prev, Next): (CMBitMap*) 0x00000147a7c9c020, (CMBitMap*) 0x00000147a7c9c058
 Prev Bits: [0x00000147c4600000, 0x00000147c65d0000)
 Next Bits: [0x00000147c65d0000, 0x00000147c85a0000)

Polling page: 0x00000147a5a70000

CodeHeap 'non-profiled nmethods': size=120000Kb used=174Kb max_used=174Kb free=119825Kb
 bounds [0x00000147bb760000, 0x00000147bb9d0000, 0x00000147c2c90000]
CodeHeap 'profiled nmethods': size=120000Kb used=908Kb max_used=908Kb free=119091Kb
 bounds [0x00000147b4230000, 0x00000147b44a0000, 0x00000147bb760000]
CodeHeap 'non-nmethods': size=5760Kb used=1261Kb max_used=1271Kb free=4498Kb
 bounds [0x00000147b3c90000, 0x00000147b3f00000, 0x00000147b4230000]
 total_blobs=1123 nmethods=582 adapters=350
 compilation: enabled

Compilation events (10 events):
Event: 0.499 Thread 0x00000147cb921000  579       3       jdk.internal.org.objectweb.asm.MethodWriter::visitAnnotation (82 bytes)
Event: 0.499 Thread 0x00000147cb916000 nmethod 569 0x00000147bb789b10 code [0x00000147bb789ca0, 0x00000147bb789ed8]
Event: 0.499 Thread 0x00000147cb916000  574       4       jdk.internal.org.objectweb.asm.ClassWriter::put (152 bytes)
Event: 0.500 Thread 0x00000147cb921000 nmethod 579 0x00000147b4310590 code [0x00000147b43107c0, 0x00000147b43110e0]
Event: 0.500 Thread 0x00000147cb921000  581       3       java.util.Arrays::fill (28 bytes)
Event: 0.500 Thread 0x00000147cb921000 nmethod 581 0x00000147b4311390 code [0x00000147b4311560, 0x00000147b4311930]
Event: 0.500 Thread 0x00000147cb921000  582       3       java.util.Arrays::rangeCheck (74 bytes)
Event: 0.501 Thread 0x00000147cb921000 nmethod 582 0x00000147b4311a90 code [0x00000147b4311d60, 0x00000147b4312cd0]
Event: 0.503 Thread 0x00000147cb916000 nmethod 574 0x00000147bb78a410 code [0x00000147bb78a5a0, 0x00000147bb78a8b8]
Event: 0.508 Thread 0x00000147cb914800 nmethod 573 0x00000147bb78aa90 code [0x00000147bb78adc0, 0x00000147bb78b620]

GC Heap History (0 events):
No events

Deoptimization events (1 events):
Event: 0.194 Thread 0x00000147a7c12000 Uncommon trap: reason=unstable_if action=reinterpret pc=0x00000147bb76b818 method=java.lang.String.charAt(I)C @ 4 c2

Classes redefined (0 events):
No events

Internal exceptions (10 events):
Event: 0.305 Thread 0x00000147a7c12000 Exception <a 'java/lang/NoSuchMethodError'{0x0000000088578000}: java.lang.invoke.DelegatingMethodHandle$Holder.reinvoke_L(Ljava/lang/Object;IILjava/lang/Object;Ljava/lang/Object;Ljava/lang/Object;)Ljava/lang/Object;> (0x0000000088578000) thrown at [t:/wor
Event: 0.305 Thread 0x00000147a7c12000 Exception <a 'java/lang/NoSuchMethodError'{0x000000008857d770}: method resolution failed> (0x000000008857d770) thrown at [t:/workspace/hotspot/src/share/vm/prims/methodHandles.cpp, line 1256]
Event: 0.308 Thread 0x00000147a7c12000 Exception <a 'java/lang/NoSuchMethodError'{0x0000000088592c00}: method resolution failed> (0x0000000088592c00) thrown at [t:/workspace/hotspot/src/share/vm/prims/methodHandles.cpp, line 1256]
Event: 0.310 Thread 0x00000147a7c12000 Exception <a 'java/lang/NoSuchMethodError'{0x00000000885a8ca0}: method resolution failed> (0x00000000885a8ca0) thrown at [t:/workspace/hotspot/src/share/vm/prims/methodHandles.cpp, line 1256]
Event: 0.312 Thread 0x00000147a7c12000 Exception <a 'java/lang/NoSuchMethodError'{0x00000000885c0798}: method resolution failed> (0x00000000885c0798) thrown at [t:/workspace/hotspot/src/share/vm/prims/methodHandles.cpp, line 1256]
Event: 0.314 Thread 0x00000147a7c12000 Exception <a 'java/lang/NoSuchMethodError'{0x00000000885d9c08}: method resolution failed> (0x00000000885d9c08) thrown at [t:/workspace/hotspot/src/share/vm/prims/methodHandles.cpp, line 1256]
Event: 0.316 Thread 0x00000147a7c12000 Exception <a 'java/io/FileNotFoundException'{0x00000000885e3158}> (0x00000000885e3158) thrown at [t:/workspace/hotspot/src/share/vm/prims/jni.cpp, line 604]
Event: 0.373 Thread 0x00000147cc0eb000 Exception <a 'java/lang/NoSuchMethodError'{0x0000000088381f30}: java.lang.invoke.DirectMethodHandle$Holder.invokeSpecial(Ljava/lang/Object;Ljava/lang/Object;)V> (0x0000000088381f30) thrown at [t:/workspace/hotspot/src/share/vm/interpreter/linkResolver.cpp
Event: 0.377 Thread 0x00000147a7c12000 Exception <a 'java/lang/NoSuchMethodError'{0x0000000088202550}: java.lang.invoke.DirectMethodHandle$Holder.invokeStatic(Ljava/lang/Object;Ljava/lang/Object;Ljava/lang/Object;Ljava/lang/Object;Ljava/lang/Object;Ljava/lang/Object;Ljava/lang/Object;Ljava/lan
Event: 0.379 Thread 0x00000147a7c12000 Exception <a 'java/lang/NoSuchMethodError'{0x000000008821d758}: java.lang.invoke.DirectMethodHandle$Holder.invokeStatic(Ljava/lang/Object;Ljava/lang/Object;Ljava/lang/Object;Ljava/lang/Object;Ljava/lang/Object;Ljava/lang/Object;Ljava/lang/Object;Ljava/lan

Events (10 events):
Event: 0.494 loading class java/util/concurrent/locks/ReentrantReadWriteLock$Sync$ThreadLocalHoldCounter
Event: 0.494 loading class java/util/concurrent/locks/ReentrantReadWriteLock$Sync$ThreadLocalHoldCounter done
Event: 0.494 loading class java/util/concurrent/locks/ReentrantReadWriteLock$ReadLock
Event: 0.494 loading class java/util/concurrent/locks/ReentrantReadWriteLock$ReadLock done
Event: 0.494 loading class java/util/concurrent/locks/ReentrantReadWriteLock$WriteLock
Event: 0.494 loading class java/util/concurrent/locks/ReentrantReadWriteLock$WriteLock done
Event: 0.499 loading class java/lang/invoke/BoundMethodHandle$Species_L6IIL
Event: 0.499 loading class java/lang/invoke/BoundMethodHandle$Species_L6IIL done
Event: 0.501 loading class java/awt/Color
Event: 0.514 loading class java/awt/Paint


Dynamic libraries:
0x00007ff6b96c0000 - 0x00007ff6b96fe000 	C:\Program Files\Java\jdk-9.0.4\bin\java.exe
0x00007ffeaf920000 - 0x00007ffeafb00000 	C:\WINDOWS\SYSTEM32\ntdll.dll
0x00007ffeadd50000 - 0x00007ffeaddfe000 	C:\WINDOWS\System32\KERNEL32.DLL
0x00007ffeac750000 - 0x00007ffeac9b6000 	C:\WINDOWS\System32\KERNELBASE.dll
0x00007ffeaf530000 - 0x00007ffeaf5d1000 	C:\WINDOWS\System32\ADVAPI32.dll
0x00007ffead2e0000 - 0x00007ffead37d000 	C:\WINDOWS\System32\msvcrt.dll
0x00007ffead930000 - 0x00007ffead98b000 	C:\WINDOWS\System32\sechost.dll
0x00007ffeaf7d0000 - 0x00007ffeaf8ef000 	C:\WINDOWS\System32\RPCRT4.dll
0x00007ffeaf3a0000 - 0x00007ffeaf52f000 	C:\WINDOWS\System32\USER32.dll
0x00007ffeabd20000 - 0x00007ffeabd40000 	C:\WINDOWS\System32\win32u.dll
0x00007ffeadca0000 - 0x00007ffeadcc8000 	C:\WINDOWS\System32\GDI32.dll
0x00007ffeacaa0000 - 0x00007ffeacc33000 	C:\WINDOWS\System32\gdi32full.dll
0x00007ffeabf60000 - 0x00007ffeabffb000 	C:\WINDOWS\System32\msvcp_win.dll
0x00007ffeacc40000 - 0x00007ffeacd36000 	C:\WINDOWS\System32\ucrtbase.dll
0x00007ffe9f910000 - 0x00007ffe9fb79000 	C:\WINDOWS\WinSxS\amd64_microsoft.windows.common-controls_6595b64144ccf1df_6.0.16299.248_none_15ced204935f55d7\COMCTL32.dll
0x00007ffea4b90000 - 0x00007ffea4b9a000 	C:\WINDOWS\SYSTEM32\VERSION.dll
0x00007ffead990000 - 0x00007ffeadc98000 	C:\WINDOWS\System32\combase.dll
0x00007ffeaca20000 - 0x00007ffeaca92000 	C:\WINDOWS\System32\bcryptPrimitives.dll
0x00007ffead3a0000 - 0x00007ffead3cd000 	C:\WINDOWS\System32\IMM32.DLL
0x00007ffe9aa20000 - 0x00007ffe9ab0f000 	C:\Program Files\Java\jdk-9.0.4\bin\msvcr120.dll
0x00007ffe9a970000 - 0x00007ffe9aa16000 	C:\Program Files\Java\jdk-9.0.4\bin\msvcp120.dll
0x0000000076930000 - 0x0000000077355000 	C:\Program Files\Java\jdk-9.0.4\bin\server\jvm.dll
0x00007ffead8c0000 - 0x00007ffead8c8000 	C:\WINDOWS\System32\PSAPI.DLL
0x00007ffea1c60000 - 0x00007ffea1c69000 	C:\WINDOWS\SYSTEM32\WSOCK32.dll
0x00007ffeaf760000 - 0x00007ffeaf7cc000 	C:\WINDOWS\System32\WS2_32.dll
0x00007ffea2bc0000 - 0x00007ffea2be3000 	C:\WINDOWS\SYSTEM32\WINMM.dll
0x00007ffea2b90000 - 0x00007ffea2bba000 	C:\WINDOWS\SYSTEM32\winmmbase.dll
0x00007ffeabf10000 - 0x00007ffeabf5a000 	C:\WINDOWS\System32\cfgmgr32.dll
0x00007ffea9110000 - 0x00007ffea911f000 	C:\Program Files\Java\jdk-9.0.4\bin\verify.dll
0x00007ffea7f60000 - 0x00007ffea7f87000 	C:\Program Files\Java\jdk-9.0.4\bin\java.dll
0x00007ffe9c020000 - 0x00007ffe9c04a000 	C:\Program Files\Java\jdk-9.0.4\bin\instrument.dll
0x00007ffea7fe0000 - 0x00007ffea7ff6000 	C:\Program Files\Java\jdk-9.0.4\bin\zip.dll
0x00007ffea7f50000 - 0x00007ffea7f5a000 	C:\Program Files\Java\jdk-9.0.4\bin\jimage.dll
0x00007ffeade10000 - 0x00007ffeaf246000 	C:\WINDOWS\System32\SHELL32.dll
0x00007ffeaf6b0000 - 0x00007ffeaf756000 	C:\WINDOWS\System32\shcore.dll
0x00007ffeac000000 - 0x00007ffeac747000 	C:\WINDOWS\System32\windows.storage.dll
0x00007ffead550000 - 0x00007ffead5a1000 	C:\WINDOWS\System32\shlwapi.dll
0x00007ffeabd00000 - 0x00007ffeabd11000 	C:\WINDOWS\System32\kernel.appcore.dll
0x00007ffeabcb0000 - 0x00007ffeabcfc000 	C:\WINDOWS\System32\powrprof.dll
0x00007ffeabc90000 - 0x00007ffeabcab000 	C:\WINDOWS\System32\profapi.dll
0x00007ffe9c000000 - 0x00007ffe9c01a000 	C:\Program Files\Java\jdk-9.0.4\bin\net.dll
0x00007ffea6b50000 - 0x00007ffea6c2e000 	C:\WINDOWS\SYSTEM32\WINHTTP.dll
0x00007ffeab500000 - 0x00007ffeab566000 	C:\WINDOWS\system32\mswsock.dll
0x00007ffe9a8a0000 - 0x00007ffe9a8b1000 	C:\Program Files\Java\jdk-9.0.4\bin\nio.dll
0x00007ffe9a880000 - 0x00007ffe9a89a000 	C:\Program Files\JetBrains\IntelliJ IDEA Community Edition 2017.3.4\bin\breakgen64.dll
0x00007ffe8c720000 - 0x00007ffe8c8b9000 	C:\Program Files\Java\jdk-9.0.4\bin\awt.dll
0x00007ffeaf5e0000 - 0x00007ffeaf6a5000 	C:\WINDOWS\System32\OLEAUT32.dll
0x00007ffea8560000 - 0x00007ffea8b18000 	C:\WINDOWS\SYSTEM32\d2d1.dll
0x00007ffeabd40000 - 0x00007ffeabf0e000 	C:\WINDOWS\System32\CRYPT32.dll
0x00007ffeabc70000 - 0x00007ffeabc82000 	C:\WINDOWS\System32\MSASN1.dll
0x00007ffeaa080000 - 0x00007ffeaa108000 	C:\WINDOWS\SYSTEM32\apphelp.dll
0x00007ffeaa6a0000 - 0x00007ffeaa6ca000 	C:\WINDOWS\system32\DWMAPI.DLL
0x00007ffeaa210000 - 0x00007ffeaa2a5000 	C:\WINDOWS\system32\uxtheme.dll
0x00007ffe6dca0000 - 0x00007ffe6ddbe000 	C:\WINDOWS\system32\opengl32.dll
0x00007ffe6dc70000 - 0x00007ffe6dc9c000 	C:\WINDOWS\SYSTEM32\GLU32.dll
0x00007ffead750000 - 0x00007ffead8b7000 	C:\WINDOWS\System32\MSCTF.dll
0x00007ffeaf250000 - 0x00007ffeaf399000 	C:\WINDOWS\System32\ole32.dll
0x00007ffe8f4e0000 - 0x00007ffe8f675000 	C:\WINDOWS\system32\d3d9.dll
0x00007ffe96e30000 - 0x00007ffe97016000 	C:\WINDOWS\System32\DriverStore\FileRepository\c0325250.inf_amd64_f15289543c93a82a\aticfx64.dll
0x00007ffe994b0000 - 0x00007ffe994de000 	C:\WINDOWS\System32\DriverStore\FileRepository\c0325250.inf_amd64_f15289543c93a82a\atiu9p64.dll
0x00007ffe6bf80000 - 0x00007ffe6caea000 	C:\WINDOWS\System32\DriverStore\FileRepository\c0325250.inf_amd64_f15289543c93a82a\atiumd64.dll
0x0000000072480000 - 0x00000000730fa000 	C:\WINDOWS\System32\DriverStore\FileRepository\c0325250.inf_amd64_f15289543c93a82a\atiumd6a.dll
0x00007ffe95e30000 - 0x00007ffe95e59000 	C:\WINDOWS\SYSTEM32\amdihk64.dll
0x00007ffe9e340000 - 0x00007ffe9e508000 	C:\WINDOWS\SYSTEM32\dbghelp.dll

VM Arguments:
jvm_args: -javaagent:C:\Program Files\JetBrains\IntelliJ IDEA Community Edition 2017.3.4\lib\idea_rt.jar=62810:C:\Program Files\JetBrains\IntelliJ IDEA Community Edition 2017.3.4\bin -Dfile.encoding=UTF-8 
java_command: milanesa.sudoku.main.Window
java_class_path (initial): C:\Luca\Programacion\Java\Proyectos\Sudoku Builder\SudokuBuilderCode\out\production\SudokuBuilder
Launcher Type: SUN_STANDARD

Logging:
Log output configuration:
#0: stdout all=warning uptime,level,tags
#1: stderr all=off uptime,level,tags

Environment Variables:
PATH=C:\Program Files (x86)\Common Files\Intel\Shared Libraries\redist\intel64\compiler;C:\ProgramData\Oracle\Java\javapath;C:\Program Files (x86)\NVIDIA Corporation\PhysX\Common;C:\WINDOWS\system32;C:\WINDOWS;C:\WINDOWS\System32\Wbem;C:\WINDOWS\System32\WindowsPowerShell\v1.0\;"C:\WINDOWS\system32;C:\WINDOWS";C:\Program Files (x86)\GtkSharp\2.12\bin;C:\Program Files (x86)\Streamlink\bin;C:\Android\tools;C:\Android\platform-tools;C:\Program Files\Git\cmd;C:\Users\lucag\AppData\Local\Programs\Python\Python36-32\Scripts\;C:\Users\lucag\AppData\Local\Programs\Python\Python36-32\;C:\Users\lucag\AppData\Local\Microsoft\WindowsApps;
USERNAME=lucag
OS=Windows_NT
PROCESSOR_IDENTIFIER=AMD64 Family 23 Model 1 Stepping 1, AuthenticAMD



---------------  S Y S T E M  ---------------

OS: Windows 10 , 64 bit Build 16299 (10.0.16299.15)

CPU:total 8 (initial active 8) (8 cores per cpu, 1 threads per core) family 23 model 1 stepping 1, cmov, cx8, fxsr, mmx, sse, sse2, sse3, ssse3, sse4.1, sse4.2, popcnt, avx, avx2, aes, clmul, mmxext, 3dnowpref, lzcnt, sse4a, tsc, tscinvbit, tscinv, bmi1

Memory: 4k page, physical 8338864k(2189656k free), swap 10436016k(1348k free)

vm_info: Java HotSpot(TM) 64-Bit Server VM (9.0.4+11) for windows-amd64 JRE (9.0.4+11), built on Dec 20 2017 02:18:54 by "mach5one" with MS VC++ 12.0 (VS2013)

END.
